<?xml version="1.0" encoding="UTF-8"?>
<coverage generated="1548796414530" clover="3.2.0">
  <project timestamp="1548796414530" name="All files">
    <metrics statements="41" coveredstatements="40" conditionals="18" coveredconditionals="17" methods="2" coveredmethods="2" elements="61" coveredelements="59" complexity="0" loc="41" ncloc="41" packages="1" files="2" classes="2"/>
    <file name="getClosestKarbonite.js" path="/home/archive/Documents/battlecode/group6-battlecode/bots/getClosestKarbonite.js">
      <metrics statements="19" coveredstatements="19" conditionals="8" coveredconditionals="8" methods="1" coveredmethods="1"/>
      <line num="4" count="2" type="stmt"/>
      <line num="6" count="2" type="stmt"/>
      <line num="7" count="32" type="stmt"/>
      <line num="8" count="32" type="stmt"/>
      <line num="9" count="512" type="cond" truecount="4" falsecount="0"/>
      <line num="10" count="507" type="stmt"/>
      <line num="12" count="5" type="stmt"/>
      <line num="13" count="5" type="stmt"/>
      <line num="16" count="32" type="stmt"/>
      <line num="19" count="2" type="stmt"/>
      <line num="20" count="2" type="stmt"/>
      <line num="21" count="2" type="stmt"/>
      <line num="22" count="32" type="stmt"/>
      <line num="23" count="512" type="cond" truecount="2" falsecount="0"/>
      <line num="24" count="3" type="stmt"/>
      <line num="25" count="3" type="stmt"/>
      <line num="31" count="2" type="cond" truecount="2" falsecount="0"/>
      <line num="32" count="1" type="stmt"/>
      <line num="34" count="1" type="stmt"/>
    </file>
    <file name="nextMoveTodestination.js" path="/home/archive/Documents/battlecode/group6-battlecode/bots/nextMoveTodestination.js">
      <metrics statements="22" coveredstatements="21" conditionals="10" coveredconditionals="9" methods="1" coveredmethods="1"/>
      <line num="6" count="2" type="stmt"/>
      <line num="8" count="2" type="stmt"/>
      <line num="9" count="32" type="stmt"/>
      <line num="10" count="32" type="stmt"/>
      <line num="11" count="512" type="cond" truecount="4" falsecount="0"/>
      <line num="12" count="1" type="stmt"/>
      <line num="14" count="511" type="stmt"/>
      <line num="15" count="511" type="stmt"/>
      <line num="16" count="511" type="cond" truecount="2" falsecount="0"/>
      <line num="17" count="57" type="stmt"/>
      <line num="19" count="454" type="stmt"/>
      <line num="23" count="32" type="stmt"/>
      <line num="26" count="2" type="stmt"/>
      <line num="27" count="2" type="stmt"/>
      <line num="28" count="2" type="stmt"/>
      <line num="29" count="32" type="stmt"/>
      <line num="30" count="512" type="cond" truecount="2" falsecount="0"/>
      <line num="31" count="4" type="stmt"/>
      <line num="32" count="4" type="stmt"/>
      <line num="38" count="2" type="cond" truecount="1" falsecount="1"/>
      <line num="39" count="0" type="stmt"/>
      <line num="41" count="2" type="stmt"/>
    </file>
  </project>
</coverage>
