{"/home/archive/Documents/battlecode/group6-battlecode/bots/getClosestKarbonite.js": {"path":"/home/archive/Documents/battlecode/group6-battlecode/bots/getClosestKarbonite.js","statementMap":{"0":{"start":{"line":4,"column":20},"end":{"line":4,"column":22}},"1":{"start":{"line":6,"column":2},"end":{"line":17,"column":3}},"2":{"start":{"line":6,"column":15},"end":{"line":6,"column":16}},"3":{"start":{"line":7,"column":16},"end":{"line":7,"column":18}},"4":{"start":{"line":8,"column":4},"end":{"line":15,"column":5}},"5":{"start":{"line":8,"column":17},"end":{"line":8,"column":18}},"6":{"start":{"line":9,"column":6},"end":{"line":14,"column":7}},"7":{"start":{"line":10,"column":8},"end":{"line":10,"column":23}},"8":{"start":{"line":12,"column":40},"end":{"line":12,"column":78}},"9":{"start":{"line":13,"column":8},"end":{"line":13,"column":42}},"10":{"start":{"line":16,"column":4},"end":{"line":16,"column":24}},"11":{"start":{"line":19,"column":11},"end":{"line":19,"column":12}},"12":{"start":{"line":20,"column":11},"end":{"line":20,"column":12}},"13":{"start":{"line":21,"column":2},"end":{"line":28,"column":3}},"14":{"start":{"line":21,"column":15},"end":{"line":21,"column":16}},"15":{"start":{"line":22,"column":4},"end":{"line":27,"column":5}},"16":{"start":{"line":22,"column":17},"end":{"line":22,"column":18}},"17":{"start":{"line":23,"column":6},"end":{"line":26,"column":7}},"18":{"start":{"line":24,"column":8},"end":{"line":24,"column":15}},"19":{"start":{"line":25,"column":8},"end":{"line":25,"column":15}},"20":{"start":{"line":31,"column":2},"end":{"line":33,"column":3}},"21":{"start":{"line":32,"column":4},"end":{"line":32,"column":20}},"22":{"start":{"line":34,"column":2},"end":{"line":34,"column":18}}},"fnMap":{"0":{"name":"nextMoveToDestination","decl":{"start":{"line":3,"column":24},"end":{"line":3,"column":45}},"loc":{"start":{"line":3,"column":65},"end":{"line":35,"column":1}},"line":3}},"branchMap":{"0":{"loc":{"start":{"line":9,"column":6},"end":{"line":14,"column":7}},"type":"if","locations":[{"start":{"line":9,"column":6},"end":{"line":14,"column":7}},{"start":{"line":9,"column":6},"end":{"line":14,"column":7}}],"line":9},"1":{"loc":{"start":{"line":9,"column":10},"end":{"line":9,"column":60}},"type":"binary-expr","locations":[{"start":{"line":9,"column":10},"end":{"line":9,"column":35}},{"start":{"line":9,"column":39},"end":{"line":9,"column":60}}],"line":9},"2":{"loc":{"start":{"line":23,"column":6},"end":{"line":26,"column":7}},"type":"if","locations":[{"start":{"line":23,"column":6},"end":{"line":26,"column":7}},{"start":{"line":23,"column":6},"end":{"line":26,"column":7}}],"line":23},"3":{"loc":{"start":{"line":31,"column":2},"end":{"line":33,"column":3}},"type":"if","locations":[{"start":{"line":31,"column":2},"end":{"line":33,"column":3}},{"start":{"line":31,"column":2},"end":{"line":33,"column":3}}],"line":31}},"s":{"0":2,"1":2,"2":2,"3":32,"4":32,"5":32,"6":512,"7":507,"8":5,"9":5,"10":32,"11":2,"12":2,"13":2,"14":2,"15":32,"16":32,"17":512,"18":3,"19":3,"20":2,"21":1,"22":1},"f":{"0":2},"b":{"0":[507,5],"1":[512,512],"2":[3,509],"3":[1,1]},"_coverageSchema":"43e27e138ebf9cfc5966b082cf9a028302ed4184","hash":"91abfddd03478cd3cda7d0778b6082e8ed8cce65"}
,"/home/archive/Documents/battlecode/group6-battlecode/bots/nextMoveTodestination.js": {"path":"/home/archive/Documents/battlecode/group6-battlecode/bots/nextMoveTodestination.js","statementMap":{"0":{"start":{"line":6,"column":20},"end":{"line":6,"column":22}},"1":{"start":{"line":8,"column":2},"end":{"line":24,"column":3}},"2":{"start":{"line":8,"column":15},"end":{"line":8,"column":16}},"3":{"start":{"line":9,"column":16},"end":{"line":9,"column":18}},"4":{"start":{"line":10,"column":4},"end":{"line":22,"column":5}},"5":{"start":{"line":10,"column":17},"end":{"line":10,"column":18}},"6":{"start":{"line":11,"column":6},"end":{"line":21,"column":7}},"7":{"start":{"line":12,"column":8},"end":{"line":12,"column":23}},"8":{"start":{"line":14,"column":41},"end":{"line":14,"column":79}},"9":{"start":{"line":15,"column":40},"end":{"line":15,"column":78}},"10":{"start":{"line":16,"column":8},"end":{"line":20,"column":9}},"11":{"start":{"line":17,"column":10},"end":{"line":17,"column":45}},"12":{"start":{"line":19,"column":10},"end":{"line":19,"column":25}},"13":{"start":{"line":23,"column":4},"end":{"line":23,"column":24}},"14":{"start":{"line":26,"column":11},"end":{"line":26,"column":12}},"15":{"start":{"line":27,"column":11},"end":{"line":27,"column":12}},"16":{"start":{"line":28,"column":2},"end":{"line":35,"column":3}},"17":{"start":{"line":28,"column":15},"end":{"line":28,"column":16}},"18":{"start":{"line":29,"column":4},"end":{"line":34,"column":5}},"19":{"start":{"line":29,"column":17},"end":{"line":29,"column":18}},"20":{"start":{"line":30,"column":6},"end":{"line":33,"column":7}},"21":{"start":{"line":31,"column":8},"end":{"line":31,"column":15}},"22":{"start":{"line":32,"column":8},"end":{"line":32,"column":15}},"23":{"start":{"line":38,"column":2},"end":{"line":40,"column":3}},"24":{"start":{"line":39,"column":4},"end":{"line":39,"column":20}},"25":{"start":{"line":41,"column":2},"end":{"line":41,"column":18}}},"fnMap":{"0":{"name":"nextMoveToDestination","decl":{"start":{"line":5,"column":24},"end":{"line":5,"column":45}},"loc":{"start":{"line":5,"column":78},"end":{"line":42,"column":1}},"line":5}},"branchMap":{"0":{"loc":{"start":{"line":11,"column":6},"end":{"line":21,"column":7}},"type":"if","locations":[{"start":{"line":11,"column":6},"end":{"line":21,"column":7}},{"start":{"line":11,"column":6},"end":{"line":21,"column":7}}],"line":11},"1":{"loc":{"start":{"line":11,"column":10},"end":{"line":11,"column":56}},"type":"binary-expr","locations":[{"start":{"line":11,"column":10},"end":{"line":11,"column":33}},{"start":{"line":11,"column":37},"end":{"line":11,"column":56}}],"line":11},"2":{"loc":{"start":{"line":16,"column":8},"end":{"line":20,"column":9}},"type":"if","locations":[{"start":{"line":16,"column":8},"end":{"line":20,"column":9}},{"start":{"line":16,"column":8},"end":{"line":20,"column":9}}],"line":16},"3":{"loc":{"start":{"line":30,"column":6},"end":{"line":33,"column":7}},"type":"if","locations":[{"start":{"line":30,"column":6},"end":{"line":33,"column":7}},{"start":{"line":30,"column":6},"end":{"line":33,"column":7}}],"line":30},"4":{"loc":{"start":{"line":38,"column":2},"end":{"line":40,"column":3}},"type":"if","locations":[{"start":{"line":38,"column":2},"end":{"line":40,"column":3}},{"start":{"line":38,"column":2},"end":{"line":40,"column":3}}],"line":38}},"s":{"0":2,"1":2,"2":2,"3":32,"4":32,"5":32,"6":512,"7":1,"8":511,"9":511,"10":511,"11":57,"12":454,"13":32,"14":2,"15":2,"16":2,"17":2,"18":32,"19":32,"20":512,"21":4,"22":4,"23":2,"24":0,"25":2},"f":{"0":2},"b":{"0":[1,511],"1":[512,512],"2":[57,454],"3":[4,508],"4":[0,2]},"_coverageSchema":"43e27e138ebf9cfc5966b082cf9a028302ed4184","hash":"e3ac162dc0ae109684b4f17f77ba4be6db2be169"}
}
