{"/home/ipercy/cs554final/group6-battlecode/bots/atlas.js": {"path":"/home/ipercy/cs554final/group6-battlecode/bots/atlas.js","statementMap":{"0":{"start":{"line":8,"column":4},"end":{"line":8,"column":20}},"1":{"start":{"line":9,"column":4},"end":{"line":9,"column":24}},"2":{"start":{"line":10,"column":4},"end":{"line":10,"column":24}},"3":{"start":{"line":11,"column":4},"end":{"line":11,"column":28}},"4":{"start":{"line":12,"column":4},"end":{"line":12,"column":30}},"5":{"start":{"line":13,"column":4},"end":{"line":13,"column":23}},"6":{"start":{"line":15,"column":4},"end":{"line":15,"column":23}},"7":{"start":{"line":16,"column":4},"end":{"line":16,"column":25}},"8":{"start":{"line":18,"column":4},"end":{"line":18,"column":24}},"9":{"start":{"line":19,"column":4},"end":{"line":19,"column":28}},"10":{"start":{"line":20,"column":4},"end":{"line":20,"column":21}},"11":{"start":{"line":21,"column":4},"end":{"line":21,"column":32}},"12":{"start":{"line":22,"column":4},"end":{"line":22,"column":21}},"13":{"start":{"line":23,"column":4},"end":{"line":23,"column":21}},"14":{"start":{"line":25,"column":4},"end":{"line":25,"column":28}},"15":{"start":{"line":26,"column":4},"end":{"line":26,"column":32}},"16":{"start":{"line":27,"column":4},"end":{"line":27,"column":33}},"17":{"start":{"line":28,"column":4},"end":{"line":28,"column":20}},"18":{"start":{"line":30,"column":4},"end":{"line":30,"column":25}},"19":{"start":{"line":34,"column":4},"end":{"line":34,"column":30}},"20":{"start":{"line":35,"column":4},"end":{"line":35,"column":39}},"21":{"start":{"line":36,"column":4},"end":{"line":36,"column":44}},"22":{"start":{"line":37,"column":4},"end":{"line":37,"column":35}},"23":{"start":{"line":38,"column":4},"end":{"line":38,"column":31}},"24":{"start":{"line":43,"column":4},"end":{"line":43,"column":26}},"25":{"start":{"line":44,"column":4},"end":{"line":44,"column":28}},"26":{"start":{"line":45,"column":4},"end":{"line":69,"column":5}},"27":{"start":{"line":45,"column":17},"end":{"line":45,"column":18}},"28":{"start":{"line":46,"column":18},"end":{"line":46,"column":20}},"29":{"start":{"line":47,"column":6},"end":{"line":67,"column":7}},"30":{"start":{"line":47,"column":19},"end":{"line":47,"column":20}},"31":{"start":{"line":48,"column":8},"end":{"line":66,"column":9}},"32":{"start":{"line":49,"column":10},"end":{"line":49,"column":40}},"33":{"start":{"line":50,"column":10},"end":{"line":55,"column":13}},"34":{"start":{"line":56,"column":15},"end":{"line":66,"column":9}},"35":{"start":{"line":57,"column":10},"end":{"line":57,"column":35}},"36":{"start":{"line":58,"column":10},"end":{"line":63,"column":13}},"37":{"start":{"line":65,"column":10},"end":{"line":65,"column":36}},"38":{"start":{"line":68,"column":6},"end":{"line":68,"column":33}},"39":{"start":{"line":74,"column":4},"end":{"line":74,"column":25}},"40":{"start":{"line":75,"column":4},"end":{"line":75,"column":29}},"41":{"start":{"line":76,"column":4},"end":{"line":79,"column":6}},"42":{"start":{"line":86,"column":4},"end":{"line":105,"column":5}},"43":{"start":{"line":86,"column":17},"end":{"line":86,"column":18}},"44":{"start":{"line":87,"column":6},"end":{"line":104,"column":7}},"45":{"start":{"line":87,"column":19},"end":{"line":87,"column":20}},"46":{"start":{"line":88,"column":8},"end":{"line":103,"column":9}},"47":{"start":{"line":90,"column":22},"end":{"line":90,"column":24}},"48":{"start":{"line":91,"column":10},"end":{"line":95,"column":11}},"49":{"start":{"line":91,"column":23},"end":{"line":91,"column":24}},"50":{"start":{"line":92,"column":12},"end":{"line":94,"column":13}},"51":{"start":{"line":93,"column":14},"end":{"line":93,"column":24}},"52":{"start":{"line":96,"column":10},"end":{"line":102,"column":11}},"53":{"start":{"line":97,"column":12},"end":{"line":101,"column":13}},"54":{"start":{"line":98,"column":14},"end":{"line":98,"column":78}},"55":{"start":{"line":99,"column":19},"end":{"line":101,"column":13}},"56":{"start":{"line":100,"column":14},"end":{"line":100,"column":77}},"57":{"start":{"line":109,"column":4},"end":{"line":118,"column":5}},"58":{"start":{"line":110,"column":6},"end":{"line":110,"column":26}},"59":{"start":{"line":111,"column":6},"end":{"line":117,"column":7}},"60":{"start":{"line":111,"column":19},"end":{"line":111,"column":20}},"61":{"start":{"line":112,"column":8},"end":{"line":116,"column":9}},"62":{"start":{"line":112,"column":21},"end":{"line":112,"column":22}},"63":{"start":{"line":113,"column":10},"end":{"line":115,"column":11}},"64":{"start":{"line":114,"column":12},"end":{"line":114,"column":30}},"65":{"start":{"line":119,"column":4},"end":{"line":119,"column":27}},"66":{"start":{"line":123,"column":21},"end":{"line":123,"column":22}},"67":{"start":{"line":124,"column":22},"end":{"line":124,"column":23}},"68":{"start":{"line":125,"column":4},"end":{"line":133,"column":5}},"69":{"start":{"line":125,"column":17},"end":{"line":125,"column":39}},"70":{"start":{"line":126,"column":6},"end":{"line":132,"column":7}},"71":{"start":{"line":126,"column":19},"end":{"line":126,"column":41}},"72":{"start":{"line":127,"column":8},"end":{"line":131,"column":9}},"73":{"start":{"line":128,"column":10},"end":{"line":130,"column":11}},"74":{"start":{"line":129,"column":12},"end":{"line":129,"column":25}},"75":{"start":{"line":134,"column":4},"end":{"line":134,"column":22}},"76":{"start":{"line":138,"column":4},"end":{"line":151,"column":5}},"77":{"start":{"line":138,"column":17},"end":{"line":138,"column":40}},"78":{"start":{"line":139,"column":6},"end":{"line":150,"column":7}},"79":{"start":{"line":139,"column":19},"end":{"line":139,"column":42}},"80":{"start":{"line":140,"column":8},"end":{"line":149,"column":9}},"81":{"start":{"line":141,"column":10},"end":{"line":148,"column":11}},"82":{"start":{"line":142,"column":24},"end":{"line":142,"column":58}},"83":{"start":{"line":143,"column":12},"end":{"line":147,"column":13}},"84":{"start":{"line":144,"column":14},"end":{"line":146,"column":15}},"85":{"start":{"line":145,"column":16},"end":{"line":145,"column":27}},"86":{"start":{"line":152,"column":4},"end":{"line":152,"column":16}},"87":{"start":{"line":156,"column":23},"end":{"line":156,"column":24}},"88":{"start":{"line":157,"column":20},"end":{"line":157,"column":22}},"89":{"start":{"line":160,"column":4},"end":{"line":166,"column":5}},"90":{"start":{"line":160,"column":17},"end":{"line":160,"column":32}},"91":{"start":{"line":161,"column":6},"end":{"line":165,"column":7}},"92":{"start":{"line":161,"column":19},"end":{"line":161,"column":34}},"93":{"start":{"line":162,"column":8},"end":{"line":164,"column":9}},"94":{"start":{"line":163,"column":10},"end":{"line":163,"column":33}},"95":{"start":{"line":169,"column":15},"end":{"line":169,"column":19}},"96":{"start":{"line":172,"column":13},"end":{"line":172,"column":16}},"97":{"start":{"line":173,"column":13},"end":{"line":173,"column":14}},"98":{"start":{"line":174,"column":13},"end":{"line":174,"column":16}},"99":{"start":{"line":175,"column":13},"end":{"line":175,"column":14}},"100":{"start":{"line":177,"column":4},"end":{"line":190,"column":5}},"101":{"start":{"line":177,"column":17},"end":{"line":177,"column":18}},"102":{"start":{"line":178,"column":6},"end":{"line":180,"column":7}},"103":{"start":{"line":179,"column":8},"end":{"line":179,"column":26}},"104":{"start":{"line":181,"column":6},"end":{"line":183,"column":7}},"105":{"start":{"line":182,"column":8},"end":{"line":182,"column":26}},"106":{"start":{"line":184,"column":6},"end":{"line":186,"column":7}},"107":{"start":{"line":185,"column":8},"end":{"line":185,"column":26}},"108":{"start":{"line":187,"column":6},"end":{"line":189,"column":7}},"109":{"start":{"line":188,"column":8},"end":{"line":188,"column":26}},"110":{"start":{"line":194,"column":27},"end":{"line":194,"column":29}},"111":{"start":{"line":195,"column":4},"end":{"line":205,"column":5}},"112":{"start":{"line":195,"column":17},"end":{"line":195,"column":23}},"113":{"start":{"line":196,"column":6},"end":{"line":204,"column":7}},"114":{"start":{"line":196,"column":19},"end":{"line":196,"column":25}},"115":{"start":{"line":197,"column":8},"end":{"line":203,"column":9}},"116":{"start":{"line":198,"column":20},"end":{"line":198,"column":21}},"117":{"start":{"line":199,"column":10},"end":{"line":201,"column":11}},"118":{"start":{"line":199,"column":23},"end":{"line":199,"column":24}},"119":{"start":{"line":200,"column":12},"end":{"line":200,"column":78}},"120":{"start":{"line":202,"column":10},"end":{"line":202,"column":73}},"121":{"start":{"line":208,"column":15},"end":{"line":208,"column":16}},"122":{"start":{"line":209,"column":4},"end":{"line":213,"column":5}},"123":{"start":{"line":209,"column":17},"end":{"line":209,"column":18}},"124":{"start":{"line":210,"column":6},"end":{"line":212,"column":7}},"125":{"start":{"line":211,"column":8},"end":{"line":211,"column":17}},"126":{"start":{"line":214,"column":4},"end":{"line":216,"column":5}},"127":{"start":{"line":215,"column":6},"end":{"line":215,"column":34}},"128":{"start":{"line":218,"column":4},"end":{"line":218,"column":16}},"129":{"start":{"line":223,"column":18},"end":{"line":223,"column":63}},"130":{"start":{"line":224,"column":4},"end":{"line":224,"column":42}},"131":{"start":{"line":228,"column":4},"end":{"line":228,"column":35}},"132":{"start":{"line":232,"column":4},"end":{"line":232,"column":57}},"133":{"start":{"line":233,"column":4},"end":{"line":233,"column":35}},"134":{"start":{"line":237,"column":4},"end":{"line":243,"column":5}},"135":{"start":{"line":237,"column":17},"end":{"line":237,"column":18}},"136":{"start":{"line":238,"column":6},"end":{"line":242,"column":7}},"137":{"start":{"line":238,"column":19},"end":{"line":238,"column":20}},"138":{"start":{"line":239,"column":8},"end":{"line":241,"column":9}},"139":{"start":{"line":240,"column":10},"end":{"line":240,"column":23}},"140":{"start":{"line":245,"column":4},"end":{"line":245,"column":16}},"141":{"start":{"line":249,"column":4},"end":{"line":255,"column":5}},"142":{"start":{"line":249,"column":17},"end":{"line":249,"column":18}},"143":{"start":{"line":250,"column":6},"end":{"line":254,"column":7}},"144":{"start":{"line":251,"column":8},"end":{"line":253,"column":9}},"145":{"start":{"line":252,"column":10},"end":{"line":252,"column":37}},"146":{"start":{"line":259,"column":4},"end":{"line":261,"column":5}},"147":{"start":{"line":260,"column":6},"end":{"line":260,"column":18}},"148":{"start":{"line":262,"column":4},"end":{"line":262,"column":17}},"149":{"start":{"line":266,"column":4},"end":{"line":268,"column":5}},"150":{"start":{"line":267,"column":6},"end":{"line":267,"column":18}},"151":{"start":{"line":269,"column":4},"end":{"line":269,"column":17}},"152":{"start":{"line":273,"column":17},"end":{"line":273,"column":39}},"153":{"start":{"line":274,"column":17},"end":{"line":274,"column":36}},"154":{"start":{"line":275,"column":17},"end":{"line":275,"column":18}},"155":{"start":{"line":276,"column":17},"end":{"line":276,"column":18}},"156":{"start":{"line":278,"column":4},"end":{"line":288,"column":5}},"157":{"start":{"line":278,"column":18},"end":{"line":278,"column":20}},"158":{"start":{"line":279,"column":6},"end":{"line":287,"column":7}},"159":{"start":{"line":279,"column":20},"end":{"line":279,"column":22}},"160":{"start":{"line":280,"column":8},"end":{"line":286,"column":9}},"161":{"start":{"line":281,"column":22},"end":{"line":281,"column":66}},"162":{"start":{"line":283,"column":10},"end":{"line":285,"column":11}},"163":{"start":{"line":284,"column":12},"end":{"line":284,"column":24}},"164":{"start":{"line":290,"column":4},"end":{"line":290,"column":17}},"165":{"start":{"line":294,"column":17},"end":{"line":294,"column":49}},"166":{"start":{"line":295,"column":17},"end":{"line":295,"column":46}},"167":{"start":{"line":296,"column":17},"end":{"line":296,"column":18}},"168":{"start":{"line":297,"column":17},"end":{"line":297,"column":18}},"169":{"start":{"line":298,"column":4},"end":{"line":309,"column":5}},"170":{"start":{"line":308,"column":6},"end":{"line":308,"column":18}},"171":{"start":{"line":310,"column":4},"end":{"line":310,"column":17}},"172":{"start":{"line":314,"column":4},"end":{"line":316,"column":5}},"173":{"start":{"line":315,"column":6},"end":{"line":315,"column":18}},"174":{"start":{"line":317,"column":4},"end":{"line":317,"column":17}},"175":{"start":{"line":322,"column":15},"end":{"line":322,"column":35}},"176":{"start":{"line":323,"column":15},"end":{"line":323,"column":35}},"177":{"start":{"line":324,"column":4},"end":{"line":326,"column":5}},"178":{"start":{"line":325,"column":6},"end":{"line":325,"column":18}},"179":{"start":{"line":328,"column":17},"end":{"line":338,"column":5}},"180":{"start":{"line":340,"column":4},"end":{"line":349,"column":5}},"181":{"start":{"line":340,"column":17},"end":{"line":340,"column":18}},"182":{"start":{"line":341,"column":16},"end":{"line":341,"column":31}},"183":{"start":{"line":342,"column":16},"end":{"line":342,"column":31}},"184":{"start":{"line":344,"column":6},"end":{"line":348,"column":7}},"185":{"start":{"line":345,"column":8},"end":{"line":345,"column":29}},"186":{"start":{"line":347,"column":8},"end":{"line":347,"column":88}},"187":{"start":{"line":351,"column":15},"end":{"line":351,"column":16}},"188":{"start":{"line":352,"column":4},"end":{"line":356,"column":5}},"189":{"start":{"line":352,"column":17},"end":{"line":352,"column":18}},"190":{"start":{"line":353,"column":6},"end":{"line":355,"column":7}},"191":{"start":{"line":354,"column":8},"end":{"line":354,"column":17}},"192":{"start":{"line":359,"column":16},"end":{"line":359,"column":26}},"193":{"start":{"line":360,"column":4},"end":{"line":360,"column":64}},"194":{"start":{"line":365,"column":4},"end":{"line":367,"column":5}},"195":{"start":{"line":366,"column":6},"end":{"line":366,"column":19}},"196":{"start":{"line":370,"column":4},"end":{"line":372,"column":5}},"197":{"start":{"line":371,"column":6},"end":{"line":371,"column":18}},"198":{"start":{"line":375,"column":4},"end":{"line":377,"column":5}},"199":{"start":{"line":376,"column":6},"end":{"line":376,"column":19}},"200":{"start":{"line":380,"column":4},"end":{"line":382,"column":5}},"201":{"start":{"line":381,"column":6},"end":{"line":381,"column":18}},"202":{"start":{"line":383,"column":4},"end":{"line":383,"column":17}},"203":{"start":{"line":387,"column":4},"end":{"line":392,"column":5}},"204":{"start":{"line":388,"column":6},"end":{"line":388,"column":141}},"205":{"start":{"line":389,"column":6},"end":{"line":391,"column":7}},"206":{"start":{"line":390,"column":8},"end":{"line":390,"column":28}},"207":{"start":{"line":397,"column":4},"end":{"line":401,"column":5}},"208":{"start":{"line":399,"column":6},"end":{"line":399,"column":26}},"209":{"start":{"line":400,"column":6},"end":{"line":400,"column":18}},"210":{"start":{"line":404,"column":4},"end":{"line":406,"column":5}},"211":{"start":{"line":405,"column":6},"end":{"line":405,"column":34}},"212":{"start":{"line":408,"column":4},"end":{"line":408,"column":38}},"213":{"start":{"line":411,"column":4},"end":{"line":424,"column":5}},"214":{"start":{"line":412,"column":18},"end":{"line":412,"column":19}},"215":{"start":{"line":413,"column":17},"end":{"line":413,"column":23}},"216":{"start":{"line":414,"column":6},"end":{"line":420,"column":7}},"217":{"start":{"line":414,"column":19},"end":{"line":414,"column":20}},"218":{"start":{"line":415,"column":26},"end":{"line":415,"column":113}},"219":{"start":{"line":416,"column":8},"end":{"line":419,"column":9}},"220":{"start":{"line":417,"column":10},"end":{"line":417,"column":26}},"221":{"start":{"line":418,"column":10},"end":{"line":418,"column":20}},"222":{"start":{"line":422,"column":6},"end":{"line":422,"column":46}},"223":{"start":{"line":423,"column":6},"end":{"line":423,"column":33}},"224":{"start":{"line":426,"column":4},"end":{"line":438,"column":5}},"225":{"start":{"line":428,"column":6},"end":{"line":437,"column":7}},"226":{"start":{"line":429,"column":8},"end":{"line":429,"column":36}},"227":{"start":{"line":430,"column":8},"end":{"line":430,"column":25}},"228":{"start":{"line":431,"column":8},"end":{"line":431,"column":42}},"229":{"start":{"line":436,"column":8},"end":{"line":436,"column":116}},"230":{"start":{"line":439,"column":4},"end":{"line":439,"column":16}},"231":{"start":{"line":445,"column":4},"end":{"line":445,"column":23}},"232":{"start":{"line":446,"column":4},"end":{"line":446,"column":40}},"233":{"start":{"line":447,"column":4},"end":{"line":447,"column":139}},"234":{"start":{"line":448,"column":4},"end":{"line":450,"column":5}},"235":{"start":{"line":449,"column":6},"end":{"line":449,"column":26}},"236":{"start":{"line":454,"column":4},"end":{"line":465,"column":5}},"237":{"start":{"line":455,"column":6},"end":{"line":455,"column":29}},"238":{"start":{"line":457,"column":16},"end":{"line":457,"column":18}},"239":{"start":{"line":458,"column":6},"end":{"line":463,"column":7}},"240":{"start":{"line":458,"column":19},"end":{"line":458,"column":20}},"241":{"start":{"line":459,"column":8},"end":{"line":459,"column":65}},"242":{"start":{"line":460,"column":8},"end":{"line":462,"column":9}},"243":{"start":{"line":461,"column":10},"end":{"line":461,"column":22}},"244":{"start":{"line":464,"column":6},"end":{"line":464,"column":26}},"245":{"start":{"line":469,"column":18},"end":{"line":469,"column":20}},"246":{"start":{"line":470,"column":19},"end":{"line":470,"column":24}},"247":{"start":{"line":471,"column":4},"end":{"line":479,"column":5}},"248":{"start":{"line":471,"column":17},"end":{"line":471,"column":18}},"249":{"start":{"line":472,"column":6},"end":{"line":478,"column":7}},"250":{"start":{"line":473,"column":21},"end":{"line":473,"column":120}},"251":{"start":{"line":474,"column":8},"end":{"line":477,"column":9}},"252":{"start":{"line":475,"column":10},"end":{"line":475,"column":22}},"253":{"start":{"line":476,"column":10},"end":{"line":476,"column":26}},"254":{"start":{"line":481,"column":4},"end":{"line":483,"column":5}},"255":{"start":{"line":482,"column":6},"end":{"line":482,"column":18}},"256":{"start":{"line":484,"column":4},"end":{"line":484,"column":39}},"257":{"start":{"line":489,"column":17},"end":{"line":489,"column":19}},"258":{"start":{"line":490,"column":4},"end":{"line":507,"column":5}},"259":{"start":{"line":490,"column":17},"end":{"line":490,"column":18}},"260":{"start":{"line":491,"column":18},"end":{"line":491,"column":20}},"261":{"start":{"line":492,"column":6},"end":{"line":505,"column":7}},"262":{"start":{"line":492,"column":19},"end":{"line":492,"column":20}},"263":{"start":{"line":493,"column":21},"end":{"line":493,"column":23}},"264":{"start":{"line":494,"column":8},"end":{"line":494,"column":19}},"265":{"start":{"line":495,"column":8},"end":{"line":495,"column":19}},"266":{"start":{"line":496,"column":8},"end":{"line":496,"column":19}},"267":{"start":{"line":497,"column":8},"end":{"line":497,"column":52}},"268":{"start":{"line":498,"column":8},"end":{"line":498,"column":19}},"269":{"start":{"line":499,"column":8},"end":{"line":499,"column":19}},"270":{"start":{"line":500,"column":8},"end":{"line":500,"column":22}},"271":{"start":{"line":501,"column":8},"end":{"line":501,"column":29}},"272":{"start":{"line":502,"column":8},"end":{"line":502,"column":28}},"273":{"start":{"line":503,"column":8},"end":{"line":503,"column":27}},"274":{"start":{"line":504,"column":8},"end":{"line":504,"column":23}},"275":{"start":{"line":506,"column":6},"end":{"line":506,"column":21}},"276":{"start":{"line":508,"column":4},"end":{"line":508,"column":16}},"277":{"start":{"line":513,"column":4},"end":{"line":515,"column":7}},"278":{"start":{"line":514,"column":6},"end":{"line":514,"column":20}},"279":{"start":{"line":520,"column":17},"end":{"line":520,"column":31}},"280":{"start":{"line":521,"column":4},"end":{"line":521,"column":37}},"281":{"start":{"line":522,"column":4},"end":{"line":522,"column":31}},"282":{"start":{"line":523,"column":4},"end":{"line":523,"column":31}},"283":{"start":{"line":524,"column":4},"end":{"line":524,"column":20}},"284":{"start":{"line":526,"column":21},"end":{"line":526,"column":32}},"285":{"start":{"line":528,"column":4},"end":{"line":528,"column":25}},"286":{"start":{"line":530,"column":4},"end":{"line":582,"column":5}},"287":{"start":{"line":532,"column":26},"end":{"line":532,"column":40}},"288":{"start":{"line":535,"column":6},"end":{"line":543,"column":7}},"289":{"start":{"line":536,"column":19},"end":{"line":536,"column":30}},"290":{"start":{"line":537,"column":20},"end":{"line":537,"column":22}},"291":{"start":{"line":538,"column":8},"end":{"line":541,"column":9}},"292":{"start":{"line":539,"column":10},"end":{"line":539,"column":25}},"293":{"start":{"line":540,"column":10},"end":{"line":540,"column":29}},"294":{"start":{"line":542,"column":8},"end":{"line":542,"column":29}},"295":{"start":{"line":546,"column":6},"end":{"line":546,"column":32}},"296":{"start":{"line":549,"column":24},"end":{"line":549,"column":67}},"297":{"start":{"line":551,"column":6},"end":{"line":581,"column":7}},"298":{"start":{"line":551,"column":19},"end":{"line":551,"column":20}},"299":{"start":{"line":552,"column":25},"end":{"line":552,"column":37}},"300":{"start":{"line":554,"column":8},"end":{"line":557,"column":9}},"301":{"start":{"line":556,"column":10},"end":{"line":556,"column":19}},"302":{"start":{"line":561,"column":23},"end":{"line":561,"column":52}},"303":{"start":{"line":562,"column":28},"end":{"line":562,"column":44}},"304":{"start":{"line":564,"column":8},"end":{"line":580,"column":9}},"305":{"start":{"line":566,"column":10},"end":{"line":566,"column":34}},"306":{"start":{"line":567,"column":10},"end":{"line":567,"column":40}},"307":{"start":{"line":568,"column":10},"end":{"line":568,"column":62}},"308":{"start":{"line":569,"column":10},"end":{"line":569,"column":30}},"309":{"start":{"line":570,"column":10},"end":{"line":570,"column":47}},"310":{"start":{"line":572,"column":10},"end":{"line":579,"column":11}},"311":{"start":{"line":574,"column":12},"end":{"line":574,"column":36}},"312":{"start":{"line":577,"column":12},"end":{"line":577,"column":38}},"313":{"start":{"line":578,"column":12},"end":{"line":578,"column":36}},"314":{"start":{"line":586,"column":4},"end":{"line":586,"column":14}},"315":{"start":{"line":593,"column":15},"end":{"line":593,"column":40}},"316":{"start":{"line":594,"column":15},"end":{"line":594,"column":40}},"317":{"start":{"line":595,"column":4},"end":{"line":595,"column":19}},"318":{"start":{"line":600,"column":16},"end":{"line":600,"column":18}},"319":{"start":{"line":601,"column":14},"end":{"line":601,"column":20}},"320":{"start":{"line":602,"column":14},"end":{"line":602,"column":20}},"321":{"start":{"line":605,"column":4},"end":{"line":607,"column":5}},"322":{"start":{"line":606,"column":6},"end":{"line":606,"column":31}},"323":{"start":{"line":610,"column":4},"end":{"line":612,"column":5}},"324":{"start":{"line":611,"column":6},"end":{"line":611,"column":31}},"325":{"start":{"line":615,"column":4},"end":{"line":617,"column":5}},"326":{"start":{"line":616,"column":6},"end":{"line":616,"column":31}},"327":{"start":{"line":620,"column":4},"end":{"line":622,"column":5}},"328":{"start":{"line":621,"column":6},"end":{"line":621,"column":31}},"329":{"start":{"line":624,"column":4},"end":{"line":644,"column":5}},"330":{"start":{"line":626,"column":6},"end":{"line":628,"column":7}},"331":{"start":{"line":627,"column":8},"end":{"line":627,"column":37}},"332":{"start":{"line":631,"column":6},"end":{"line":633,"column":7}},"333":{"start":{"line":632,"column":8},"end":{"line":632,"column":37}},"334":{"start":{"line":636,"column":6},"end":{"line":638,"column":7}},"335":{"start":{"line":637,"column":8},"end":{"line":637,"column":37}},"336":{"start":{"line":641,"column":6},"end":{"line":643,"column":7}},"337":{"start":{"line":642,"column":8},"end":{"line":642,"column":37}},"338":{"start":{"line":645,"column":4},"end":{"line":645,"column":15}},"339":{"start":{"line":650,"column":15},"end":{"line":650,"column":25}},"340":{"start":{"line":651,"column":15},"end":{"line":651,"column":25}},"341":{"start":{"line":653,"column":23},"end":{"line":653,"column":24}},"342":{"start":{"line":656,"column":19},"end":{"line":656,"column":32}},"343":{"start":{"line":657,"column":20},"end":{"line":657,"column":22}},"344":{"start":{"line":658,"column":4},"end":{"line":694,"column":5}},"345":{"start":{"line":658,"column":17},"end":{"line":658,"column":18}},"346":{"start":{"line":659,"column":18},"end":{"line":659,"column":20}},"347":{"start":{"line":660,"column":19},"end":{"line":660,"column":20}},"348":{"start":{"line":661,"column":6},"end":{"line":663,"column":7}},"349":{"start":{"line":662,"column":8},"end":{"line":662,"column":19}},"350":{"start":{"line":664,"column":6},"end":{"line":692,"column":7}},"351":{"start":{"line":664,"column":19},"end":{"line":664,"column":20}},"352":{"start":{"line":665,"column":8},"end":{"line":691,"column":9}},"353":{"start":{"line":666,"column":10},"end":{"line":688,"column":11}},"354":{"start":{"line":671,"column":12},"end":{"line":671,"column":28}},"355":{"start":{"line":672,"column":17},"end":{"line":688,"column":11}},"356":{"start":{"line":673,"column":12},"end":{"line":679,"column":13}},"357":{"start":{"line":674,"column":14},"end":{"line":674,"column":30}},"358":{"start":{"line":675,"column":19},"end":{"line":679,"column":13}},"359":{"start":{"line":676,"column":14},"end":{"line":676,"column":30}},"360":{"start":{"line":678,"column":14},"end":{"line":678,"column":54}},"361":{"start":{"line":680,"column":17},"end":{"line":688,"column":11}},"362":{"start":{"line":681,"column":12},"end":{"line":687,"column":13}},"363":{"start":{"line":682,"column":14},"end":{"line":682,"column":30}},"364":{"start":{"line":683,"column":19},"end":{"line":687,"column":13}},"365":{"start":{"line":684,"column":14},"end":{"line":684,"column":30}},"366":{"start":{"line":686,"column":14},"end":{"line":686,"column":54}},"367":{"start":{"line":690,"column":10},"end":{"line":690,"column":26}},"368":{"start":{"line":693,"column":6},"end":{"line":693,"column":24}},"369":{"start":{"line":697,"column":13},"end":{"line":697,"column":14}},"370":{"start":{"line":698,"column":13},"end":{"line":698,"column":14}},"371":{"start":{"line":699,"column":4},"end":{"line":706,"column":5}},"372":{"start":{"line":699,"column":17},"end":{"line":699,"column":18}},"373":{"start":{"line":700,"column":6},"end":{"line":705,"column":7}},"374":{"start":{"line":700,"column":19},"end":{"line":700,"column":20}},"375":{"start":{"line":701,"column":8},"end":{"line":704,"column":9}},"376":{"start":{"line":702,"column":10},"end":{"line":702,"column":17}},"377":{"start":{"line":703,"column":10},"end":{"line":703,"column":17}},"378":{"start":{"line":708,"column":4},"end":{"line":708,"column":20}},"379":{"start":{"line":712,"column":15},"end":{"line":712,"column":25}},"380":{"start":{"line":713,"column":15},"end":{"line":713,"column":25}},"381":{"start":{"line":715,"column":23},"end":{"line":715,"column":24}},"382":{"start":{"line":718,"column":19},"end":{"line":718,"column":32}},"383":{"start":{"line":719,"column":20},"end":{"line":719,"column":22}},"384":{"start":{"line":720,"column":4},"end":{"line":752,"column":5}},"385":{"start":{"line":720,"column":17},"end":{"line":720,"column":18}},"386":{"start":{"line":721,"column":18},"end":{"line":721,"column":20}},"387":{"start":{"line":722,"column":19},"end":{"line":722,"column":20}},"388":{"start":{"line":723,"column":6},"end":{"line":725,"column":7}},"389":{"start":{"line":724,"column":8},"end":{"line":724,"column":19}},"390":{"start":{"line":726,"column":6},"end":{"line":750,"column":7}},"391":{"start":{"line":726,"column":19},"end":{"line":726,"column":20}},"392":{"start":{"line":727,"column":8},"end":{"line":749,"column":9}},"393":{"start":{"line":728,"column":10},"end":{"line":746,"column":11}},"394":{"start":{"line":733,"column":12},"end":{"line":733,"column":28}},"395":{"start":{"line":734,"column":17},"end":{"line":746,"column":11}},"396":{"start":{"line":735,"column":12},"end":{"line":739,"column":13}},"397":{"start":{"line":736,"column":14},"end":{"line":736,"column":30}},"398":{"start":{"line":738,"column":14},"end":{"line":738,"column":54}},"399":{"start":{"line":740,"column":17},"end":{"line":746,"column":11}},"400":{"start":{"line":741,"column":12},"end":{"line":745,"column":13}},"401":{"start":{"line":742,"column":14},"end":{"line":742,"column":30}},"402":{"start":{"line":744,"column":14},"end":{"line":744,"column":54}},"403":{"start":{"line":748,"column":10},"end":{"line":748,"column":26}},"404":{"start":{"line":751,"column":6},"end":{"line":751,"column":24}},"405":{"start":{"line":755,"column":13},"end":{"line":755,"column":14}},"406":{"start":{"line":756,"column":13},"end":{"line":756,"column":14}},"407":{"start":{"line":757,"column":4},"end":{"line":764,"column":5}},"408":{"start":{"line":757,"column":17},"end":{"line":757,"column":18}},"409":{"start":{"line":758,"column":6},"end":{"line":763,"column":7}},"410":{"start":{"line":758,"column":19},"end":{"line":758,"column":20}},"411":{"start":{"line":759,"column":8},"end":{"line":762,"column":9}},"412":{"start":{"line":760,"column":10},"end":{"line":760,"column":17}},"413":{"start":{"line":761,"column":10},"end":{"line":761,"column":17}},"414":{"start":{"line":766,"column":4},"end":{"line":766,"column":20}},"415":{"start":{"line":771,"column":4},"end":{"line":773,"column":5}},"416":{"start":{"line":772,"column":6},"end":{"line":772,"column":18}},"417":{"start":{"line":776,"column":19},"end":{"line":776,"column":32}},"418":{"start":{"line":777,"column":4},"end":{"line":782,"column":5}},"419":{"start":{"line":778,"column":18},"end":{"line":778,"column":50}},"420":{"start":{"line":779,"column":6},"end":{"line":781,"column":7}},"421":{"start":{"line":780,"column":8},"end":{"line":780,"column":20}},"422":{"start":{"line":784,"column":4},"end":{"line":784,"column":17}},"423":{"start":{"line":789,"column":4},"end":{"line":813,"column":5}},"424":{"start":{"line":790,"column":6},"end":{"line":792,"column":7}},"425":{"start":{"line":791,"column":8},"end":{"line":791,"column":57}},"426":{"start":{"line":793,"column":6},"end":{"line":812,"column":7}},"427":{"start":{"line":796,"column":8},"end":{"line":803,"column":9}},"428":{"start":{"line":797,"column":10},"end":{"line":802,"column":11}},"429":{"start":{"line":798,"column":12},"end":{"line":798,"column":35}},"430":{"start":{"line":799,"column":17},"end":{"line":802,"column":11}},"431":{"start":{"line":800,"column":12},"end":{"line":800,"column":61}},"432":{"start":{"line":801,"column":12},"end":{"line":801,"column":32}},"433":{"start":{"line":805,"column":8},"end":{"line":807,"column":9}},"434":{"start":{"line":806,"column":10},"end":{"line":806,"column":41}},"435":{"start":{"line":808,"column":8},"end":{"line":811,"column":9}},"436":{"start":{"line":809,"column":10},"end":{"line":809,"column":87}},"437":{"start":{"line":810,"column":10},"end":{"line":810,"column":41}},"438":{"start":{"line":814,"column":4},"end":{"line":814,"column":16}},"439":{"start":{"line":818,"column":4},"end":{"line":842,"column":5}},"440":{"start":{"line":819,"column":6},"end":{"line":821,"column":7}},"441":{"start":{"line":820,"column":8},"end":{"line":820,"column":59}},"442":{"start":{"line":822,"column":6},"end":{"line":841,"column":7}},"443":{"start":{"line":825,"column":8},"end":{"line":832,"column":9}},"444":{"start":{"line":826,"column":10},"end":{"line":831,"column":11}},"445":{"start":{"line":827,"column":12},"end":{"line":827,"column":35}},"446":{"start":{"line":828,"column":17},"end":{"line":831,"column":11}},"447":{"start":{"line":829,"column":12},"end":{"line":829,"column":63}},"448":{"start":{"line":830,"column":12},"end":{"line":830,"column":32}},"449":{"start":{"line":834,"column":8},"end":{"line":836,"column":9}},"450":{"start":{"line":835,"column":10},"end":{"line":835,"column":41}},"451":{"start":{"line":837,"column":8},"end":{"line":840,"column":9}},"452":{"start":{"line":838,"column":10},"end":{"line":838,"column":89}},"453":{"start":{"line":839,"column":10},"end":{"line":839,"column":41}},"454":{"start":{"line":843,"column":4},"end":{"line":843,"column":16}}},"fnMap":{"0":{"name":"(anonymous_0)","decl":{"start":{"line":7,"column":2},"end":{"line":7,"column":3}},"loc":{"start":{"line":7,"column":21},"end":{"line":31,"column":3}},"line":7},"1":{"name":"(anonymous_1)","decl":{"start":{"line":33,"column":2},"end":{"line":33,"column":3}},"loc":{"start":{"line":33,"column":15},"end":{"line":39,"column":3}},"line":33},"2":{"name":"(anonymous_2)","decl":{"start":{"line":42,"column":2},"end":{"line":42,"column":3}},"loc":{"start":{"line":42,"column":24},"end":{"line":70,"column":3}},"line":42},"3":{"name":"(anonymous_3)","decl":{"start":{"line":73,"column":2},"end":{"line":73,"column":3}},"loc":{"start":{"line":73,"column":27},"end":{"line":80,"column":3}},"line":73},"4":{"name":"(anonymous_4)","decl":{"start":{"line":85,"column":2},"end":{"line":85,"column":3}},"loc":{"start":{"line":85,"column":22},"end":{"line":106,"column":3}},"line":85},"5":{"name":"(anonymous_5)","decl":{"start":{"line":108,"column":2},"end":{"line":108,"column":3}},"loc":{"start":{"line":108,"column":20},"end":{"line":120,"column":3}},"line":108},"6":{"name":"(anonymous_6)","decl":{"start":{"line":122,"column":2},"end":{"line":122,"column":3}},"loc":{"start":{"line":122,"column":26},"end":{"line":135,"column":3}},"line":122},"7":{"name":"(anonymous_7)","decl":{"start":{"line":137,"column":2},"end":{"line":137,"column":3}},"loc":{"start":{"line":137,"column":28},"end":{"line":153,"column":3}},"line":137},"8":{"name":"(anonymous_8)","decl":{"start":{"line":155,"column":2},"end":{"line":155,"column":3}},"loc":{"start":{"line":155,"column":33},"end":{"line":219,"column":3}},"line":155},"9":{"name":"(anonymous_9)","decl":{"start":{"line":222,"column":2},"end":{"line":222,"column":3}},"loc":{"start":{"line":222,"column":19},"end":{"line":225,"column":3}},"line":222},"10":{"name":"(anonymous_10)","decl":{"start":{"line":227,"column":2},"end":{"line":227,"column":3}},"loc":{"start":{"line":227,"column":15},"end":{"line":229,"column":3}},"line":227},"11":{"name":"(anonymous_11)","decl":{"start":{"line":231,"column":2},"end":{"line":231,"column":3}},"loc":{"start":{"line":231,"column":22},"end":{"line":234,"column":3}},"line":231},"12":{"name":"(anonymous_12)","decl":{"start":{"line":236,"column":2},"end":{"line":236,"column":3}},"loc":{"start":{"line":236,"column":30},"end":{"line":246,"column":3}},"line":236},"13":{"name":"(anonymous_13)","decl":{"start":{"line":248,"column":2},"end":{"line":248,"column":3}},"loc":{"start":{"line":248,"column":19},"end":{"line":256,"column":3}},"line":248},"14":{"name":"(anonymous_14)","decl":{"start":{"line":258,"column":2},"end":{"line":258,"column":3}},"loc":{"start":{"line":258,"column":19},"end":{"line":263,"column":3}},"line":258},"15":{"name":"(anonymous_15)","decl":{"start":{"line":265,"column":2},"end":{"line":265,"column":3}},"loc":{"start":{"line":265,"column":24},"end":{"line":270,"column":3}},"line":265},"16":{"name":"(anonymous_16)","decl":{"start":{"line":272,"column":2},"end":{"line":272,"column":3}},"loc":{"start":{"line":272,"column":23},"end":{"line":291,"column":3}},"line":272},"17":{"name":"(anonymous_17)","decl":{"start":{"line":293,"column":2},"end":{"line":293,"column":3}},"loc":{"start":{"line":293,"column":34},"end":{"line":311,"column":3}},"line":293},"18":{"name":"(anonymous_18)","decl":{"start":{"line":313,"column":2},"end":{"line":313,"column":3}},"loc":{"start":{"line":313,"column":22},"end":{"line":318,"column":3}},"line":313},"19":{"name":"(anonymous_19)","decl":{"start":{"line":320,"column":2},"end":{"line":320,"column":3}},"loc":{"start":{"line":320,"column":40},"end":{"line":361,"column":3}},"line":320},"20":{"name":"(anonymous_20)","decl":{"start":{"line":363,"column":2},"end":{"line":363,"column":3}},"loc":{"start":{"line":363,"column":22},"end":{"line":384,"column":3}},"line":363},"21":{"name":"(anonymous_21)","decl":{"start":{"line":386,"column":2},"end":{"line":386,"column":3}},"loc":{"start":{"line":386,"column":31},"end":{"line":393,"column":3}},"line":386},"22":{"name":"(anonymous_22)","decl":{"start":{"line":395,"column":2},"end":{"line":395,"column":3}},"loc":{"start":{"line":395,"column":21},"end":{"line":440,"column":3}},"line":395},"23":{"name":"(anonymous_23)","decl":{"start":{"line":443,"column":2},"end":{"line":443,"column":3}},"loc":{"start":{"line":443,"column":32},"end":{"line":451,"column":3}},"line":443},"24":{"name":"(anonymous_24)","decl":{"start":{"line":453,"column":2},"end":{"line":453,"column":3}},"loc":{"start":{"line":453,"column":12},"end":{"line":466,"column":3}},"line":453},"25":{"name":"(anonymous_25)","decl":{"start":{"line":468,"column":2},"end":{"line":468,"column":3}},"loc":{"start":{"line":468,"column":28},"end":{"line":485,"column":3}},"line":468},"26":{"name":"(anonymous_26)","decl":{"start":{"line":488,"column":2},"end":{"line":488,"column":3}},"loc":{"start":{"line":488,"column":12},"end":{"line":509,"column":3}},"line":488},"27":{"name":"(anonymous_27)","decl":{"start":{"line":512,"column":2},"end":{"line":512,"column":3}},"loc":{"start":{"line":512,"column":9},"end":{"line":516,"column":3}},"line":512},"28":{"name":"(anonymous_28)","decl":{"start":{"line":513,"column":26},"end":{"line":513,"column":27}},"loc":{"start":{"line":513,"column":36},"end":{"line":515,"column":5}},"line":513},"29":{"name":"(anonymous_29)","decl":{"start":{"line":519,"column":2},"end":{"line":519,"column":3}},"loc":{"start":{"line":519,"column":47},"end":{"line":587,"column":3}},"line":519},"30":{"name":"(anonymous_30)","decl":{"start":{"line":590,"column":2},"end":{"line":590,"column":3}},"loc":{"start":{"line":590,"column":24},"end":{"line":596,"column":3}},"line":590},"31":{"name":"(anonymous_31)","decl":{"start":{"line":599,"column":2},"end":{"line":599,"column":3}},"loc":{"start":{"line":599,"column":35},"end":{"line":646,"column":3}},"line":599},"32":{"name":"(anonymous_32)","decl":{"start":{"line":649,"column":2},"end":{"line":649,"column":3}},"loc":{"start":{"line":649,"column":23},"end":{"line":709,"column":3}},"line":649},"33":{"name":"(anonymous_33)","decl":{"start":{"line":711,"column":2},"end":{"line":711,"column":3}},"loc":{"start":{"line":711,"column":24},"end":{"line":767,"column":3}},"line":711},"34":{"name":"(anonymous_34)","decl":{"start":{"line":769,"column":2},"end":{"line":769,"column":3}},"loc":{"start":{"line":769,"column":21},"end":{"line":785,"column":3}},"line":769},"35":{"name":"(anonymous_35)","decl":{"start":{"line":788,"column":2},"end":{"line":788,"column":3}},"loc":{"start":{"line":788,"column":19},"end":{"line":815,"column":3}},"line":788},"36":{"name":"(anonymous_36)","decl":{"start":{"line":817,"column":2},"end":{"line":817,"column":3}},"loc":{"start":{"line":817,"column":20},"end":{"line":844,"column":3}},"line":817}},"branchMap":{"0":{"loc":{"start":{"line":48,"column":8},"end":{"line":66,"column":9}},"type":"if","locations":[{"start":{"line":48,"column":8},"end":{"line":66,"column":9}},{"start":{"line":48,"column":8},"end":{"line":66,"column":9}}],"line":48},"1":{"loc":{"start":{"line":56,"column":15},"end":{"line":66,"column":9}},"type":"if","locations":[{"start":{"line":56,"column":15},"end":{"line":66,"column":9}},{"start":{"line":56,"column":15},"end":{"line":66,"column":9}}],"line":56},"2":{"loc":{"start":{"line":88,"column":8},"end":{"line":103,"column":9}},"type":"if","locations":[{"start":{"line":88,"column":8},"end":{"line":103,"column":9}},{"start":{"line":88,"column":8},"end":{"line":103,"column":9}}],"line":88},"3":{"loc":{"start":{"line":92,"column":12},"end":{"line":94,"column":13}},"type":"if","locations":[{"start":{"line":92,"column":12},"end":{"line":94,"column":13}},{"start":{"line":92,"column":12},"end":{"line":94,"column":13}}],"line":92},"4":{"loc":{"start":{"line":92,"column":16},"end":{"line":92,"column":78}},"type":"binary-expr","locations":[{"start":{"line":92,"column":16},"end":{"line":92,"column":45}},{"start":{"line":92,"column":49},"end":{"line":92,"column":78}}],"line":92},"5":{"loc":{"start":{"line":96,"column":10},"end":{"line":102,"column":11}},"type":"if","locations":[{"start":{"line":96,"column":10},"end":{"line":102,"column":11}},{"start":{"line":96,"column":10},"end":{"line":102,"column":11}}],"line":96},"6":{"loc":{"start":{"line":97,"column":12},"end":{"line":101,"column":13}},"type":"if","locations":[{"start":{"line":97,"column":12},"end":{"line":101,"column":13}},{"start":{"line":97,"column":12},"end":{"line":101,"column":13}}],"line":97},"7":{"loc":{"start":{"line":97,"column":16},"end":{"line":97,"column":85}},"type":"binary-expr","locations":[{"start":{"line":97,"column":16},"end":{"line":97,"column":41}},{"start":{"line":97,"column":45},"end":{"line":97,"column":85}}],"line":97},"8":{"loc":{"start":{"line":99,"column":19},"end":{"line":101,"column":13}},"type":"if","locations":[{"start":{"line":99,"column":19},"end":{"line":101,"column":13}},{"start":{"line":99,"column":19},"end":{"line":101,"column":13}}],"line":99},"9":{"loc":{"start":{"line":109,"column":4},"end":{"line":118,"column":5}},"type":"if","locations":[{"start":{"line":109,"column":4},"end":{"line":118,"column":5}},{"start":{"line":109,"column":4},"end":{"line":118,"column":5}}],"line":109},"10":{"loc":{"start":{"line":113,"column":10},"end":{"line":115,"column":11}},"type":"if","locations":[{"start":{"line":113,"column":10},"end":{"line":115,"column":11}},{"start":{"line":113,"column":10},"end":{"line":115,"column":11}}],"line":113},"11":{"loc":{"start":{"line":113,"column":14},"end":{"line":113,"column":54}},"type":"binary-expr","locations":[{"start":{"line":113,"column":14},"end":{"line":113,"column":32}},{"start":{"line":113,"column":36},"end":{"line":113,"column":54}}],"line":113},"12":{"loc":{"start":{"line":127,"column":8},"end":{"line":131,"column":9}},"type":"if","locations":[{"start":{"line":127,"column":8},"end":{"line":131,"column":9}},{"start":{"line":127,"column":8},"end":{"line":131,"column":9}}],"line":127},"13":{"loc":{"start":{"line":128,"column":10},"end":{"line":130,"column":11}},"type":"if","locations":[{"start":{"line":128,"column":10},"end":{"line":130,"column":11}},{"start":{"line":128,"column":10},"end":{"line":130,"column":11}}],"line":128},"14":{"loc":{"start":{"line":128,"column":14},"end":{"line":128,"column":54}},"type":"binary-expr","locations":[{"start":{"line":128,"column":14},"end":{"line":128,"column":32}},{"start":{"line":128,"column":36},"end":{"line":128,"column":54}}],"line":128},"15":{"loc":{"start":{"line":140,"column":8},"end":{"line":149,"column":9}},"type":"if","locations":[{"start":{"line":140,"column":8},"end":{"line":149,"column":9}},{"start":{"line":140,"column":8},"end":{"line":149,"column":9}}],"line":140},"16":{"loc":{"start":{"line":141,"column":10},"end":{"line":148,"column":11}},"type":"if","locations":[{"start":{"line":141,"column":10},"end":{"line":148,"column":11}},{"start":{"line":141,"column":10},"end":{"line":148,"column":11}}],"line":141},"17":{"loc":{"start":{"line":143,"column":12},"end":{"line":147,"column":13}},"type":"if","locations":[{"start":{"line":143,"column":12},"end":{"line":147,"column":13}},{"start":{"line":143,"column":12},"end":{"line":147,"column":13}}],"line":143},"18":{"loc":{"start":{"line":144,"column":14},"end":{"line":146,"column":15}},"type":"if","locations":[{"start":{"line":144,"column":14},"end":{"line":146,"column":15}},{"start":{"line":144,"column":14},"end":{"line":146,"column":15}}],"line":144},"19":{"loc":{"start":{"line":144,"column":18},"end":{"line":144,"column":72}},"type":"binary-expr","locations":[{"start":{"line":144,"column":18},"end":{"line":144,"column":43}},{"start":{"line":144,"column":47},"end":{"line":144,"column":72}}],"line":144},"20":{"loc":{"start":{"line":162,"column":8},"end":{"line":164,"column":9}},"type":"if","locations":[{"start":{"line":162,"column":8},"end":{"line":164,"column":9}},{"start":{"line":162,"column":8},"end":{"line":164,"column":9}}],"line":162},"21":{"loc":{"start":{"line":162,"column":12},"end":{"line":162,"column":82}},"type":"binary-expr","locations":[{"start":{"line":162,"column":12},"end":{"line":162,"column":36}},{"start":{"line":162,"column":40},"end":{"line":162,"column":82}}],"line":162},"22":{"loc":{"start":{"line":178,"column":6},"end":{"line":180,"column":7}},"type":"if","locations":[{"start":{"line":178,"column":6},"end":{"line":180,"column":7}},{"start":{"line":178,"column":6},"end":{"line":180,"column":7}}],"line":178},"23":{"loc":{"start":{"line":181,"column":6},"end":{"line":183,"column":7}},"type":"if","locations":[{"start":{"line":181,"column":6},"end":{"line":183,"column":7}},{"start":{"line":181,"column":6},"end":{"line":183,"column":7}}],"line":181},"24":{"loc":{"start":{"line":184,"column":6},"end":{"line":186,"column":7}},"type":"if","locations":[{"start":{"line":184,"column":6},"end":{"line":186,"column":7}},{"start":{"line":184,"column":6},"end":{"line":186,"column":7}}],"line":184},"25":{"loc":{"start":{"line":187,"column":6},"end":{"line":189,"column":7}},"type":"if","locations":[{"start":{"line":187,"column":6},"end":{"line":189,"column":7}},{"start":{"line":187,"column":6},"end":{"line":189,"column":7}}],"line":187},"26":{"loc":{"start":{"line":197,"column":8},"end":{"line":203,"column":9}},"type":"if","locations":[{"start":{"line":197,"column":8},"end":{"line":203,"column":9}},{"start":{"line":197,"column":8},"end":{"line":203,"column":9}}],"line":197},"27":{"loc":{"start":{"line":197,"column":12},"end":{"line":197,"column":82}},"type":"binary-expr","locations":[{"start":{"line":197,"column":12},"end":{"line":197,"column":36}},{"start":{"line":197,"column":40},"end":{"line":197,"column":82}}],"line":197},"28":{"loc":{"start":{"line":210,"column":6},"end":{"line":212,"column":7}},"type":"if","locations":[{"start":{"line":210,"column":6},"end":{"line":212,"column":7}},{"start":{"line":210,"column":6},"end":{"line":212,"column":7}}],"line":210},"29":{"loc":{"start":{"line":214,"column":4},"end":{"line":216,"column":5}},"type":"if","locations":[{"start":{"line":214,"column":4},"end":{"line":216,"column":5}},{"start":{"line":214,"column":4},"end":{"line":216,"column":5}}],"line":214},"30":{"loc":{"start":{"line":239,"column":8},"end":{"line":241,"column":9}},"type":"if","locations":[{"start":{"line":239,"column":8},"end":{"line":241,"column":9}},{"start":{"line":239,"column":8},"end":{"line":241,"column":9}}],"line":239},"31":{"loc":{"start":{"line":250,"column":6},"end":{"line":254,"column":7}},"type":"if","locations":[{"start":{"line":250,"column":6},"end":{"line":254,"column":7}},{"start":{"line":250,"column":6},"end":{"line":254,"column":7}}],"line":250},"32":{"loc":{"start":{"line":250,"column":10},"end":{"line":250,"column":86}},"type":"binary-expr","locations":[{"start":{"line":250,"column":10},"end":{"line":250,"column":46}},{"start":{"line":250,"column":50},"end":{"line":250,"column":86}}],"line":250},"33":{"loc":{"start":{"line":251,"column":8},"end":{"line":253,"column":9}},"type":"if","locations":[{"start":{"line":251,"column":8},"end":{"line":253,"column":9}},{"start":{"line":251,"column":8},"end":{"line":253,"column":9}}],"line":251},"34":{"loc":{"start":{"line":259,"column":4},"end":{"line":261,"column":5}},"type":"if","locations":[{"start":{"line":259,"column":4},"end":{"line":261,"column":5}},{"start":{"line":259,"column":4},"end":{"line":261,"column":5}}],"line":259},"35":{"loc":{"start":{"line":266,"column":4},"end":{"line":268,"column":5}},"type":"if","locations":[{"start":{"line":266,"column":4},"end":{"line":268,"column":5}},{"start":{"line":266,"column":4},"end":{"line":268,"column":5}}],"line":266},"36":{"loc":{"start":{"line":280,"column":8},"end":{"line":286,"column":9}},"type":"if","locations":[{"start":{"line":280,"column":8},"end":{"line":286,"column":9}},{"start":{"line":280,"column":8},"end":{"line":286,"column":9}}],"line":280},"37":{"loc":{"start":{"line":280,"column":12},"end":{"line":280,"column":80}},"type":"binary-expr","locations":[{"start":{"line":280,"column":12},"end":{"line":280,"column":26}},{"start":{"line":280,"column":30},"end":{"line":280,"column":44}},{"start":{"line":280,"column":48},"end":{"line":280,"column":62}},{"start":{"line":280,"column":66},"end":{"line":280,"column":80}}],"line":280},"38":{"loc":{"start":{"line":283,"column":10},"end":{"line":285,"column":11}},"type":"if","locations":[{"start":{"line":283,"column":10},"end":{"line":285,"column":11}},{"start":{"line":283,"column":10},"end":{"line":285,"column":11}}],"line":283},"39":{"loc":{"start":{"line":283,"column":14},"end":{"line":283,"column":86}},"type":"binary-expr","locations":[{"start":{"line":283,"column":14},"end":{"line":283,"column":26}},{"start":{"line":283,"column":31},"end":{"line":283,"column":56}},{"start":{"line":283,"column":60},"end":{"line":283,"column":85}}],"line":283},"40":{"loc":{"start":{"line":298,"column":4},"end":{"line":309,"column":5}},"type":"if","locations":[{"start":{"line":298,"column":4},"end":{"line":309,"column":5}},{"start":{"line":298,"column":4},"end":{"line":309,"column":5}}],"line":298},"41":{"loc":{"start":{"line":299,"column":6},"end":{"line":306,"column":108}},"type":"binary-expr","locations":[{"start":{"line":299,"column":7},"end":{"line":299,"column":20}},{"start":{"line":299,"column":24},"end":{"line":299,"column":37}},{"start":{"line":299,"column":41},"end":{"line":299,"column":54}},{"start":{"line":299,"column":58},"end":{"line":299,"column":71}},{"start":{"line":299,"column":75},"end":{"line":299,"column":107}},{"start":{"line":300,"column":7},"end":{"line":300,"column":20}},{"start":{"line":300,"column":24},"end":{"line":300,"column":37}},{"start":{"line":300,"column":41},"end":{"line":300,"column":54}},{"start":{"line":300,"column":58},"end":{"line":300,"column":71}},{"start":{"line":300,"column":75},"end":{"line":300,"column":107}},{"start":{"line":301,"column":7},"end":{"line":301,"column":20}},{"start":{"line":301,"column":24},"end":{"line":301,"column":37}},{"start":{"line":301,"column":41},"end":{"line":301,"column":54}},{"start":{"line":301,"column":58},"end":{"line":301,"column":71}},{"start":{"line":301,"column":75},"end":{"line":301,"column":107}},{"start":{"line":302,"column":7},"end":{"line":302,"column":20}},{"start":{"line":302,"column":24},"end":{"line":302,"column":37}},{"start":{"line":302,"column":41},"end":{"line":302,"column":54}},{"start":{"line":302,"column":58},"end":{"line":302,"column":71}},{"start":{"line":302,"column":75},"end":{"line":302,"column":107}},{"start":{"line":303,"column":7},"end":{"line":303,"column":20}},{"start":{"line":303,"column":24},"end":{"line":303,"column":37}},{"start":{"line":303,"column":41},"end":{"line":303,"column":54}},{"start":{"line":303,"column":58},"end":{"line":303,"column":71}},{"start":{"line":303,"column":75},"end":{"line":303,"column":107}},{"start":{"line":304,"column":7},"end":{"line":304,"column":20}},{"start":{"line":304,"column":24},"end":{"line":304,"column":37}},{"start":{"line":304,"column":41},"end":{"line":304,"column":54}},{"start":{"line":304,"column":58},"end":{"line":304,"column":71}},{"start":{"line":304,"column":75},"end":{"line":304,"column":107}},{"start":{"line":305,"column":7},"end":{"line":305,"column":20}},{"start":{"line":305,"column":24},"end":{"line":305,"column":37}},{"start":{"line":305,"column":41},"end":{"line":305,"column":54}},{"start":{"line":305,"column":58},"end":{"line":305,"column":71}},{"start":{"line":305,"column":75},"end":{"line":305,"column":107}},{"start":{"line":306,"column":7},"end":{"line":306,"column":20}},{"start":{"line":306,"column":24},"end":{"line":306,"column":37}},{"start":{"line":306,"column":41},"end":{"line":306,"column":54}},{"start":{"line":306,"column":58},"end":{"line":306,"column":71}},{"start":{"line":306,"column":75},"end":{"line":306,"column":107}}],"line":299},"42":{"loc":{"start":{"line":314,"column":4},"end":{"line":316,"column":5}},"type":"if","locations":[{"start":{"line":314,"column":4},"end":{"line":316,"column":5}},{"start":{"line":314,"column":4},"end":{"line":316,"column":5}}],"line":314},"43":{"loc":{"start":{"line":314,"column":8},"end":{"line":314,"column":73}},"type":"binary-expr","locations":[{"start":{"line":314,"column":8},"end":{"line":314,"column":14}},{"start":{"line":314,"column":18},"end":{"line":314,"column":40}},{"start":{"line":314,"column":44},"end":{"line":314,"column":50}},{"start":{"line":314,"column":54},"end":{"line":314,"column":73}}],"line":314},"44":{"loc":{"start":{"line":324,"column":4},"end":{"line":326,"column":5}},"type":"if","locations":[{"start":{"line":324,"column":4},"end":{"line":326,"column":5}},{"start":{"line":324,"column":4},"end":{"line":326,"column":5}}],"line":324},"45":{"loc":{"start":{"line":324,"column":8},"end":{"line":324,"column":50}},"type":"binary-expr","locations":[{"start":{"line":324,"column":8},"end":{"line":324,"column":16}},{"start":{"line":324,"column":20},"end":{"line":324,"column":27}},{"start":{"line":324,"column":31},"end":{"line":324,"column":39}},{"start":{"line":324,"column":43},"end":{"line":324,"column":50}}],"line":324},"46":{"loc":{"start":{"line":344,"column":6},"end":{"line":348,"column":7}},"type":"if","locations":[{"start":{"line":344,"column":6},"end":{"line":348,"column":7}},{"start":{"line":344,"column":6},"end":{"line":348,"column":7}}],"line":344},"47":{"loc":{"start":{"line":353,"column":6},"end":{"line":355,"column":7}},"type":"if","locations":[{"start":{"line":353,"column":6},"end":{"line":355,"column":7}},{"start":{"line":353,"column":6},"end":{"line":355,"column":7}}],"line":353},"48":{"loc":{"start":{"line":365,"column":4},"end":{"line":367,"column":5}},"type":"if","locations":[{"start":{"line":365,"column":4},"end":{"line":367,"column":5}},{"start":{"line":365,"column":4},"end":{"line":367,"column":5}}],"line":365},"49":{"loc":{"start":{"line":365,"column":8},"end":{"line":365,"column":42}},"type":"binary-expr","locations":[{"start":{"line":365,"column":8},"end":{"line":365,"column":23}},{"start":{"line":365,"column":27},"end":{"line":365,"column":42}}],"line":365},"50":{"loc":{"start":{"line":370,"column":4},"end":{"line":372,"column":5}},"type":"if","locations":[{"start":{"line":370,"column":4},"end":{"line":372,"column":5}},{"start":{"line":370,"column":4},"end":{"line":372,"column":5}}],"line":370},"51":{"loc":{"start":{"line":370,"column":8},"end":{"line":370,"column":102}},"type":"binary-expr","locations":[{"start":{"line":370,"column":8},"end":{"line":370,"column":18}},{"start":{"line":370,"column":22},"end":{"line":370,"column":53}},{"start":{"line":370,"column":57},"end":{"line":370,"column":67}},{"start":{"line":370,"column":71},"end":{"line":370,"column":102}}],"line":370},"52":{"loc":{"start":{"line":375,"column":4},"end":{"line":377,"column":5}},"type":"if","locations":[{"start":{"line":375,"column":4},"end":{"line":377,"column":5}},{"start":{"line":375,"column":4},"end":{"line":377,"column":5}}],"line":375},"53":{"loc":{"start":{"line":375,"column":8},"end":{"line":375,"column":64}},"type":"binary-expr","locations":[{"start":{"line":375,"column":8},"end":{"line":375,"column":34}},{"start":{"line":375,"column":38},"end":{"line":375,"column":64}}],"line":375},"54":{"loc":{"start":{"line":380,"column":4},"end":{"line":382,"column":5}},"type":"if","locations":[{"start":{"line":380,"column":4},"end":{"line":382,"column":5}},{"start":{"line":380,"column":4},"end":{"line":382,"column":5}}],"line":380},"55":{"loc":{"start":{"line":380,"column":8},"end":{"line":380,"column":70}},"type":"binary-expr","locations":[{"start":{"line":380,"column":8},"end":{"line":380,"column":33}},{"start":{"line":380,"column":37},"end":{"line":380,"column":70}}],"line":380},"56":{"loc":{"start":{"line":387,"column":4},"end":{"line":392,"column":5}},"type":"if","locations":[{"start":{"line":387,"column":4},"end":{"line":392,"column":5}},{"start":{"line":387,"column":4},"end":{"line":392,"column":5}}],"line":387},"57":{"loc":{"start":{"line":389,"column":6},"end":{"line":391,"column":7}},"type":"if","locations":[{"start":{"line":389,"column":6},"end":{"line":391,"column":7}},{"start":{"line":389,"column":6},"end":{"line":391,"column":7}}],"line":389},"58":{"loc":{"start":{"line":397,"column":4},"end":{"line":401,"column":5}},"type":"if","locations":[{"start":{"line":397,"column":4},"end":{"line":401,"column":5}},{"start":{"line":397,"column":4},"end":{"line":401,"column":5}}],"line":397},"59":{"loc":{"start":{"line":397,"column":8},"end":{"line":397,"column":88}},"type":"binary-expr","locations":[{"start":{"line":397,"column":8},"end":{"line":397,"column":46}},{"start":{"line":397,"column":50},"end":{"line":397,"column":88}}],"line":397},"60":{"loc":{"start":{"line":404,"column":4},"end":{"line":406,"column":5}},"type":"if","locations":[{"start":{"line":404,"column":4},"end":{"line":406,"column":5}},{"start":{"line":404,"column":4},"end":{"line":406,"column":5}}],"line":404},"61":{"loc":{"start":{"line":404,"column":8},"end":{"line":404,"column":129}},"type":"binary-expr","locations":[{"start":{"line":404,"column":8},"end":{"line":404,"column":37}},{"start":{"line":404,"column":41},"end":{"line":404,"column":83}},{"start":{"line":404,"column":87},"end":{"line":404,"column":129}}],"line":404},"62":{"loc":{"start":{"line":411,"column":4},"end":{"line":424,"column":5}},"type":"if","locations":[{"start":{"line":411,"column":4},"end":{"line":424,"column":5}},{"start":{"line":411,"column":4},"end":{"line":424,"column":5}}],"line":411},"63":{"loc":{"start":{"line":411,"column":8},"end":{"line":411,"column":61}},"type":"binary-expr","locations":[{"start":{"line":411,"column":8},"end":{"line":411,"column":28}},{"start":{"line":411,"column":32},"end":{"line":411,"column":61}}],"line":411},"64":{"loc":{"start":{"line":416,"column":8},"end":{"line":419,"column":9}},"type":"if","locations":[{"start":{"line":416,"column":8},"end":{"line":419,"column":9}},{"start":{"line":416,"column":8},"end":{"line":419,"column":9}}],"line":416},"65":{"loc":{"start":{"line":426,"column":4},"end":{"line":438,"column":5}},"type":"if","locations":[{"start":{"line":426,"column":4},"end":{"line":438,"column":5}},{"start":{"line":426,"column":4},"end":{"line":438,"column":5}}],"line":426},"66":{"loc":{"start":{"line":428,"column":6},"end":{"line":437,"column":7}},"type":"if","locations":[{"start":{"line":428,"column":6},"end":{"line":437,"column":7}},{"start":{"line":428,"column":6},"end":{"line":437,"column":7}}],"line":428},"67":{"loc":{"start":{"line":428,"column":10},"end":{"line":428,"column":136}},"type":"binary-expr","locations":[{"start":{"line":428,"column":10},"end":{"line":428,"column":67}},{"start":{"line":428,"column":71},"end":{"line":428,"column":136}}],"line":428},"68":{"loc":{"start":{"line":448,"column":4},"end":{"line":450,"column":5}},"type":"if","locations":[{"start":{"line":448,"column":4},"end":{"line":450,"column":5}},{"start":{"line":448,"column":4},"end":{"line":450,"column":5}}],"line":448},"69":{"loc":{"start":{"line":454,"column":4},"end":{"line":465,"column":5}},"type":"if","locations":[{"start":{"line":454,"column":4},"end":{"line":465,"column":5}},{"start":{"line":454,"column":4},"end":{"line":465,"column":5}}],"line":454},"70":{"loc":{"start":{"line":460,"column":8},"end":{"line":462,"column":9}},"type":"if","locations":[{"start":{"line":460,"column":8},"end":{"line":462,"column":9}},{"start":{"line":460,"column":8},"end":{"line":462,"column":9}}],"line":460},"71":{"loc":{"start":{"line":472,"column":6},"end":{"line":478,"column":7}},"type":"if","locations":[{"start":{"line":472,"column":6},"end":{"line":478,"column":7}},{"start":{"line":472,"column":6},"end":{"line":478,"column":7}}],"line":472},"72":{"loc":{"start":{"line":474,"column":8},"end":{"line":477,"column":9}},"type":"if","locations":[{"start":{"line":474,"column":8},"end":{"line":477,"column":9}},{"start":{"line":474,"column":8},"end":{"line":477,"column":9}}],"line":474},"73":{"loc":{"start":{"line":481,"column":4},"end":{"line":483,"column":5}},"type":"if","locations":[{"start":{"line":481,"column":4},"end":{"line":483,"column":5}},{"start":{"line":481,"column":4},"end":{"line":483,"column":5}}],"line":481},"74":{"loc":{"start":{"line":535,"column":6},"end":{"line":543,"column":7}},"type":"if","locations":[{"start":{"line":535,"column":6},"end":{"line":543,"column":7}},{"start":{"line":535,"column":6},"end":{"line":543,"column":7}}],"line":535},"75":{"loc":{"start":{"line":535,"column":10},"end":{"line":535,"column":60}},"type":"binary-expr","locations":[{"start":{"line":535,"column":10},"end":{"line":535,"column":33}},{"start":{"line":535,"column":37},"end":{"line":535,"column":60}}],"line":535},"76":{"loc":{"start":{"line":554,"column":8},"end":{"line":557,"column":9}},"type":"if","locations":[{"start":{"line":554,"column":8},"end":{"line":557,"column":9}},{"start":{"line":554,"column":8},"end":{"line":557,"column":9}}],"line":554},"77":{"loc":{"start":{"line":554,"column":12},"end":{"line":554,"column":47}},"type":"binary-expr","locations":[{"start":{"line":554,"column":12},"end":{"line":554,"column":27}},{"start":{"line":554,"column":31},"end":{"line":554,"column":47}}],"line":554},"78":{"loc":{"start":{"line":564,"column":8},"end":{"line":580,"column":9}},"type":"if","locations":[{"start":{"line":564,"column":8},"end":{"line":580,"column":9}},{"start":{"line":564,"column":8},"end":{"line":580,"column":9}}],"line":564},"79":{"loc":{"start":{"line":564,"column":12},"end":{"line":564,"column":47}},"type":"binary-expr","locations":[{"start":{"line":564,"column":12},"end":{"line":564,"column":24}},{"start":{"line":564,"column":28},"end":{"line":564,"column":47}}],"line":564},"80":{"loc":{"start":{"line":568,"column":23},"end":{"line":568,"column":61}},"type":"binary-expr","locations":[{"start":{"line":568,"column":23},"end":{"line":568,"column":33}},{"start":{"line":568,"column":37},"end":{"line":568,"column":61}}],"line":568},"81":{"loc":{"start":{"line":572,"column":10},"end":{"line":579,"column":11}},"type":"if","locations":[{"start":{"line":572,"column":10},"end":{"line":579,"column":11}},{"start":{"line":572,"column":10},"end":{"line":579,"column":11}}],"line":572},"82":{"loc":{"start":{"line":605,"column":4},"end":{"line":607,"column":5}},"type":"if","locations":[{"start":{"line":605,"column":4},"end":{"line":607,"column":5}},{"start":{"line":605,"column":4},"end":{"line":607,"column":5}}],"line":605},"83":{"loc":{"start":{"line":605,"column":8},"end":{"line":605,"column":37}},"type":"binary-expr","locations":[{"start":{"line":605,"column":8},"end":{"line":605,"column":19}},{"start":{"line":605,"column":23},"end":{"line":605,"column":37}}],"line":605},"84":{"loc":{"start":{"line":610,"column":4},"end":{"line":612,"column":5}},"type":"if","locations":[{"start":{"line":610,"column":4},"end":{"line":612,"column":5}},{"start":{"line":610,"column":4},"end":{"line":612,"column":5}}],"line":610},"85":{"loc":{"start":{"line":610,"column":8},"end":{"line":610,"column":37}},"type":"binary-expr","locations":[{"start":{"line":610,"column":8},"end":{"line":610,"column":19}},{"start":{"line":610,"column":23},"end":{"line":610,"column":37}}],"line":610},"86":{"loc":{"start":{"line":615,"column":4},"end":{"line":617,"column":5}},"type":"if","locations":[{"start":{"line":615,"column":4},"end":{"line":617,"column":5}},{"start":{"line":615,"column":4},"end":{"line":617,"column":5}}],"line":615},"87":{"loc":{"start":{"line":615,"column":8},"end":{"line":615,"column":33}},"type":"binary-expr","locations":[{"start":{"line":615,"column":8},"end":{"line":615,"column":15}},{"start":{"line":615,"column":19},"end":{"line":615,"column":33}}],"line":615},"88":{"loc":{"start":{"line":620,"column":4},"end":{"line":622,"column":5}},"type":"if","locations":[{"start":{"line":620,"column":4},"end":{"line":622,"column":5}},{"start":{"line":620,"column":4},"end":{"line":622,"column":5}}],"line":620},"89":{"loc":{"start":{"line":620,"column":8},"end":{"line":620,"column":33}},"type":"binary-expr","locations":[{"start":{"line":620,"column":8},"end":{"line":620,"column":15}},{"start":{"line":620,"column":19},"end":{"line":620,"column":33}}],"line":620},"90":{"loc":{"start":{"line":624,"column":4},"end":{"line":644,"column":5}},"type":"if","locations":[{"start":{"line":624,"column":4},"end":{"line":644,"column":5}},{"start":{"line":624,"column":4},"end":{"line":644,"column":5}}],"line":624},"91":{"loc":{"start":{"line":626,"column":6},"end":{"line":628,"column":7}},"type":"if","locations":[{"start":{"line":626,"column":6},"end":{"line":628,"column":7}},{"start":{"line":626,"column":6},"end":{"line":628,"column":7}}],"line":626},"92":{"loc":{"start":{"line":626,"column":10},"end":{"line":626,"column":43}},"type":"binary-expr","locations":[{"start":{"line":626,"column":10},"end":{"line":626,"column":21}},{"start":{"line":626,"column":25},"end":{"line":626,"column":43}}],"line":626},"93":{"loc":{"start":{"line":631,"column":6},"end":{"line":633,"column":7}},"type":"if","locations":[{"start":{"line":631,"column":6},"end":{"line":633,"column":7}},{"start":{"line":631,"column":6},"end":{"line":633,"column":7}}],"line":631},"94":{"loc":{"start":{"line":631,"column":10},"end":{"line":631,"column":43}},"type":"binary-expr","locations":[{"start":{"line":631,"column":10},"end":{"line":631,"column":21}},{"start":{"line":631,"column":25},"end":{"line":631,"column":43}}],"line":631},"95":{"loc":{"start":{"line":636,"column":6},"end":{"line":638,"column":7}},"type":"if","locations":[{"start":{"line":636,"column":6},"end":{"line":638,"column":7}},{"start":{"line":636,"column":6},"end":{"line":638,"column":7}}],"line":636},"96":{"loc":{"start":{"line":636,"column":10},"end":{"line":636,"column":43}},"type":"binary-expr","locations":[{"start":{"line":636,"column":10},"end":{"line":636,"column":21}},{"start":{"line":636,"column":25},"end":{"line":636,"column":43}}],"line":636},"97":{"loc":{"start":{"line":641,"column":6},"end":{"line":643,"column":7}},"type":"if","locations":[{"start":{"line":641,"column":6},"end":{"line":643,"column":7}},{"start":{"line":641,"column":6},"end":{"line":643,"column":7}}],"line":641},"98":{"loc":{"start":{"line":641,"column":10},"end":{"line":641,"column":43}},"type":"binary-expr","locations":[{"start":{"line":641,"column":10},"end":{"line":641,"column":21}},{"start":{"line":641,"column":25},"end":{"line":641,"column":43}}],"line":641},"99":{"loc":{"start":{"line":661,"column":6},"end":{"line":663,"column":7}},"type":"if","locations":[{"start":{"line":661,"column":6},"end":{"line":663,"column":7}},{"start":{"line":661,"column":6},"end":{"line":663,"column":7}}],"line":661},"100":{"loc":{"start":{"line":665,"column":8},"end":{"line":691,"column":9}},"type":"if","locations":[{"start":{"line":665,"column":8},"end":{"line":691,"column":9}},{"start":{"line":665,"column":8},"end":{"line":691,"column":9}}],"line":665},"101":{"loc":{"start":{"line":666,"column":10},"end":{"line":688,"column":11}},"type":"if","locations":[{"start":{"line":666,"column":10},"end":{"line":688,"column":11}},{"start":{"line":666,"column":10},"end":{"line":688,"column":11}}],"line":666},"102":{"loc":{"start":{"line":666,"column":14},"end":{"line":669,"column":29}},"type":"binary-expr","locations":[{"start":{"line":666,"column":15},"end":{"line":666,"column":38}},{"start":{"line":667,"column":13},"end":{"line":667,"column":31}},{"start":{"line":668,"column":13},"end":{"line":668,"column":31}},{"start":{"line":669,"column":13},"end":{"line":669,"column":28}}],"line":666},"103":{"loc":{"start":{"line":672,"column":17},"end":{"line":688,"column":11}},"type":"if","locations":[{"start":{"line":672,"column":17},"end":{"line":688,"column":11}},{"start":{"line":672,"column":17},"end":{"line":688,"column":11}}],"line":672},"104":{"loc":{"start":{"line":673,"column":12},"end":{"line":679,"column":13}},"type":"if","locations":[{"start":{"line":673,"column":12},"end":{"line":679,"column":13}},{"start":{"line":673,"column":12},"end":{"line":679,"column":13}}],"line":673},"105":{"loc":{"start":{"line":675,"column":19},"end":{"line":679,"column":13}},"type":"if","locations":[{"start":{"line":675,"column":19},"end":{"line":679,"column":13}},{"start":{"line":675,"column":19},"end":{"line":679,"column":13}}],"line":675},"106":{"loc":{"start":{"line":680,"column":17},"end":{"line":688,"column":11}},"type":"if","locations":[{"start":{"line":680,"column":17},"end":{"line":688,"column":11}},{"start":{"line":680,"column":17},"end":{"line":688,"column":11}}],"line":680},"107":{"loc":{"start":{"line":681,"column":12},"end":{"line":687,"column":13}},"type":"if","locations":[{"start":{"line":681,"column":12},"end":{"line":687,"column":13}},{"start":{"line":681,"column":12},"end":{"line":687,"column":13}}],"line":681},"108":{"loc":{"start":{"line":683,"column":19},"end":{"line":687,"column":13}},"type":"if","locations":[{"start":{"line":683,"column":19},"end":{"line":687,"column":13}},{"start":{"line":683,"column":19},"end":{"line":687,"column":13}}],"line":683},"109":{"loc":{"start":{"line":701,"column":8},"end":{"line":704,"column":9}},"type":"if","locations":[{"start":{"line":701,"column":8},"end":{"line":704,"column":9}},{"start":{"line":701,"column":8},"end":{"line":704,"column":9}}],"line":701},"110":{"loc":{"start":{"line":723,"column":6},"end":{"line":725,"column":7}},"type":"if","locations":[{"start":{"line":723,"column":6},"end":{"line":725,"column":7}},{"start":{"line":723,"column":6},"end":{"line":725,"column":7}}],"line":723},"111":{"loc":{"start":{"line":727,"column":8},"end":{"line":749,"column":9}},"type":"if","locations":[{"start":{"line":727,"column":8},"end":{"line":749,"column":9}},{"start":{"line":727,"column":8},"end":{"line":749,"column":9}}],"line":727},"112":{"loc":{"start":{"line":728,"column":10},"end":{"line":746,"column":11}},"type":"if","locations":[{"start":{"line":728,"column":10},"end":{"line":746,"column":11}},{"start":{"line":728,"column":10},"end":{"line":746,"column":11}}],"line":728},"113":{"loc":{"start":{"line":728,"column":14},"end":{"line":731,"column":29}},"type":"binary-expr","locations":[{"start":{"line":728,"column":15},"end":{"line":728,"column":38}},{"start":{"line":729,"column":13},"end":{"line":729,"column":31}},{"start":{"line":730,"column":13},"end":{"line":730,"column":31}},{"start":{"line":731,"column":13},"end":{"line":731,"column":28}}],"line":728},"114":{"loc":{"start":{"line":734,"column":17},"end":{"line":746,"column":11}},"type":"if","locations":[{"start":{"line":734,"column":17},"end":{"line":746,"column":11}},{"start":{"line":734,"column":17},"end":{"line":746,"column":11}}],"line":734},"115":{"loc":{"start":{"line":735,"column":12},"end":{"line":739,"column":13}},"type":"if","locations":[{"start":{"line":735,"column":12},"end":{"line":739,"column":13}},{"start":{"line":735,"column":12},"end":{"line":739,"column":13}}],"line":735},"116":{"loc":{"start":{"line":735,"column":16},"end":{"line":735,"column":72}},"type":"binary-expr","locations":[{"start":{"line":735,"column":16},"end":{"line":735,"column":42}},{"start":{"line":735,"column":46},"end":{"line":735,"column":72}}],"line":735},"117":{"loc":{"start":{"line":740,"column":17},"end":{"line":746,"column":11}},"type":"if","locations":[{"start":{"line":740,"column":17},"end":{"line":746,"column":11}},{"start":{"line":740,"column":17},"end":{"line":746,"column":11}}],"line":740},"118":{"loc":{"start":{"line":741,"column":12},"end":{"line":745,"column":13}},"type":"if","locations":[{"start":{"line":741,"column":12},"end":{"line":745,"column":13}},{"start":{"line":741,"column":12},"end":{"line":745,"column":13}}],"line":741},"119":{"loc":{"start":{"line":741,"column":16},"end":{"line":741,"column":72}},"type":"binary-expr","locations":[{"start":{"line":741,"column":16},"end":{"line":741,"column":42}},{"start":{"line":741,"column":46},"end":{"line":741,"column":72}}],"line":741},"120":{"loc":{"start":{"line":759,"column":8},"end":{"line":762,"column":9}},"type":"if","locations":[{"start":{"line":759,"column":8},"end":{"line":762,"column":9}},{"start":{"line":759,"column":8},"end":{"line":762,"column":9}}],"line":759},"121":{"loc":{"start":{"line":771,"column":4},"end":{"line":773,"column":5}},"type":"if","locations":[{"start":{"line":771,"column":4},"end":{"line":773,"column":5}},{"start":{"line":771,"column":4},"end":{"line":773,"column":5}}],"line":771},"122":{"loc":{"start":{"line":777,"column":4},"end":{"line":782,"column":5}},"type":"if","locations":[{"start":{"line":777,"column":4},"end":{"line":782,"column":5}},{"start":{"line":777,"column":4},"end":{"line":782,"column":5}}],"line":777},"123":{"loc":{"start":{"line":779,"column":6},"end":{"line":781,"column":7}},"type":"if","locations":[{"start":{"line":779,"column":6},"end":{"line":781,"column":7}},{"start":{"line":779,"column":6},"end":{"line":781,"column":7}}],"line":779},"124":{"loc":{"start":{"line":779,"column":10},"end":{"line":779,"column":105}},"type":"binary-expr","locations":[{"start":{"line":779,"column":10},"end":{"line":779,"column":32}},{"start":{"line":779,"column":36},"end":{"line":779,"column":57}},{"start":{"line":779,"column":61},"end":{"line":779,"column":81}},{"start":{"line":779,"column":85},"end":{"line":779,"column":105}}],"line":779},"125":{"loc":{"start":{"line":789,"column":4},"end":{"line":813,"column":5}},"type":"if","locations":[{"start":{"line":789,"column":4},"end":{"line":813,"column":5}},{"start":{"line":789,"column":4},"end":{"line":813,"column":5}}],"line":789},"126":{"loc":{"start":{"line":790,"column":6},"end":{"line":792,"column":7}},"type":"if","locations":[{"start":{"line":790,"column":6},"end":{"line":792,"column":7}},{"start":{"line":790,"column":6},"end":{"line":792,"column":7}}],"line":790},"127":{"loc":{"start":{"line":793,"column":6},"end":{"line":812,"column":7}},"type":"if","locations":[{"start":{"line":793,"column":6},"end":{"line":812,"column":7}},{"start":{"line":793,"column":6},"end":{"line":812,"column":7}}],"line":793},"128":{"loc":{"start":{"line":793,"column":10},"end":{"line":793,"column":74}},"type":"binary-expr","locations":[{"start":{"line":793,"column":10},"end":{"line":793,"column":40}},{"start":{"line":793,"column":44},"end":{"line":793,"column":74}}],"line":793},"129":{"loc":{"start":{"line":796,"column":8},"end":{"line":803,"column":9}},"type":"if","locations":[{"start":{"line":796,"column":8},"end":{"line":803,"column":9}},{"start":{"line":796,"column":8},"end":{"line":803,"column":9}}],"line":796},"130":{"loc":{"start":{"line":797,"column":10},"end":{"line":802,"column":11}},"type":"if","locations":[{"start":{"line":797,"column":10},"end":{"line":802,"column":11}},{"start":{"line":797,"column":10},"end":{"line":802,"column":11}}],"line":797},"131":{"loc":{"start":{"line":797,"column":14},"end":{"line":797,"column":94}},"type":"binary-expr","locations":[{"start":{"line":797,"column":14},"end":{"line":797,"column":52}},{"start":{"line":797,"column":56},"end":{"line":797,"column":94}}],"line":797},"132":{"loc":{"start":{"line":799,"column":17},"end":{"line":802,"column":11}},"type":"if","locations":[{"start":{"line":799,"column":17},"end":{"line":802,"column":11}},{"start":{"line":799,"column":17},"end":{"line":802,"column":11}}],"line":799},"133":{"loc":{"start":{"line":805,"column":8},"end":{"line":807,"column":9}},"type":"if","locations":[{"start":{"line":805,"column":8},"end":{"line":807,"column":9}},{"start":{"line":805,"column":8},"end":{"line":807,"column":9}}],"line":805},"134":{"loc":{"start":{"line":808,"column":8},"end":{"line":811,"column":9}},"type":"if","locations":[{"start":{"line":808,"column":8},"end":{"line":811,"column":9}},{"start":{"line":808,"column":8},"end":{"line":811,"column":9}}],"line":808},"135":{"loc":{"start":{"line":808,"column":12},"end":{"line":808,"column":76}},"type":"binary-expr","locations":[{"start":{"line":808,"column":12},"end":{"line":808,"column":42}},{"start":{"line":808,"column":46},"end":{"line":808,"column":76}}],"line":808},"136":{"loc":{"start":{"line":818,"column":4},"end":{"line":842,"column":5}},"type":"if","locations":[{"start":{"line":818,"column":4},"end":{"line":842,"column":5}},{"start":{"line":818,"column":4},"end":{"line":842,"column":5}}],"line":818},"137":{"loc":{"start":{"line":819,"column":6},"end":{"line":821,"column":7}},"type":"if","locations":[{"start":{"line":819,"column":6},"end":{"line":821,"column":7}},{"start":{"line":819,"column":6},"end":{"line":821,"column":7}}],"line":819},"138":{"loc":{"start":{"line":822,"column":6},"end":{"line":841,"column":7}},"type":"if","locations":[{"start":{"line":822,"column":6},"end":{"line":841,"column":7}},{"start":{"line":822,"column":6},"end":{"line":841,"column":7}}],"line":822},"139":{"loc":{"start":{"line":822,"column":10},"end":{"line":822,"column":76}},"type":"binary-expr","locations":[{"start":{"line":822,"column":10},"end":{"line":822,"column":41}},{"start":{"line":822,"column":45},"end":{"line":822,"column":76}}],"line":822},"140":{"loc":{"start":{"line":825,"column":8},"end":{"line":832,"column":9}},"type":"if","locations":[{"start":{"line":825,"column":8},"end":{"line":832,"column":9}},{"start":{"line":825,"column":8},"end":{"line":832,"column":9}}],"line":825},"141":{"loc":{"start":{"line":826,"column":10},"end":{"line":831,"column":11}},"type":"if","locations":[{"start":{"line":826,"column":10},"end":{"line":831,"column":11}},{"start":{"line":826,"column":10},"end":{"line":831,"column":11}}],"line":826},"142":{"loc":{"start":{"line":826,"column":14},"end":{"line":826,"column":96}},"type":"binary-expr","locations":[{"start":{"line":826,"column":14},"end":{"line":826,"column":53}},{"start":{"line":826,"column":57},"end":{"line":826,"column":96}}],"line":826},"143":{"loc":{"start":{"line":828,"column":17},"end":{"line":831,"column":11}},"type":"if","locations":[{"start":{"line":828,"column":17},"end":{"line":831,"column":11}},{"start":{"line":828,"column":17},"end":{"line":831,"column":11}}],"line":828},"144":{"loc":{"start":{"line":834,"column":8},"end":{"line":836,"column":9}},"type":"if","locations":[{"start":{"line":834,"column":8},"end":{"line":836,"column":9}},{"start":{"line":834,"column":8},"end":{"line":836,"column":9}}],"line":834},"145":{"loc":{"start":{"line":837,"column":8},"end":{"line":840,"column":9}},"type":"if","locations":[{"start":{"line":837,"column":8},"end":{"line":840,"column":9}},{"start":{"line":837,"column":8},"end":{"line":840,"column":9}}],"line":837},"146":{"loc":{"start":{"line":837,"column":12},"end":{"line":837,"column":78}},"type":"binary-expr","locations":[{"start":{"line":837,"column":12},"end":{"line":837,"column":43}},{"start":{"line":837,"column":47},"end":{"line":837,"column":78}}],"line":837}},"s":{"0":22,"1":22,"2":22,"3":22,"4":22,"5":22,"6":22,"7":22,"8":22,"9":22,"10":22,"11":22,"12":22,"13":22,"14":22,"15":22,"16":22,"17":22,"18":22,"19":0,"20":0,"21":0,"22":0,"23":0,"24":12,"25":12,"26":12,"27":12,"28":60,"29":60,"30":60,"31":300,"32":24,"33":24,"34":276,"35":12,"36":12,"37":264,"38":60,"39":1,"40":1,"41":1,"42":1,"43":1,"44":5,"45":5,"46":25,"47":25,"48":25,"49":25,"50":75,"51":3,"52":25,"53":3,"54":2,"55":1,"56":1,"57":1,"58":1,"59":1,"60":1,"61":5,"62":5,"63":25,"64":3,"65":1,"66":0,"67":0,"68":0,"69":0,"70":0,"71":0,"72":0,"73":0,"74":0,"75":0,"76":0,"77":0,"78":0,"79":0,"80":0,"81":0,"82":0,"83":0,"84":0,"85":0,"86":0,"87":0,"88":0,"89":0,"90":0,"91":0,"92":0,"93":0,"94":0,"95":0,"96":0,"97":0,"98":0,"99":0,"100":0,"101":0,"102":0,"103":0,"104":0,"105":0,"106":0,"107":0,"108":0,"109":0,"110":0,"111":0,"112":0,"113":0,"114":0,"115":0,"116":0,"117":0,"118":0,"119":0,"120":0,"121":0,"122":0,"123":0,"124":0,"125":0,"126":0,"127":
[...]
,"/home/ipercy/cs554final/group6-battlecode/bots/network.js": {"path":"/home/ipercy/cs554final/group6-battlecode/bots/network.js","statementMap":{"0":{"start":{"line":7,"column":4},"end":{"line":7,"column":23}},"1":{"start":{"line":8,"column":4},"end":{"line":8,"column":23}},"2":{"start":{"line":10,"column":4},"end":{"line":10,"column":26}},"3":{"start":{"line":11,"column":4},"end":{"line":11,"column":20}},"4":{"start":{"line":15,"column":4},"end":{"line":15,"column":41}},"5":{"start":{"line":16,"column":4},"end":{"line":16,"column":48}},"6":{"start":{"line":17,"column":4},"end":{"line":17,"column":23}},"7":{"start":{"line":21,"column":4},"end":{"line":21,"column":59}},"8":{"start":{"line":25,"column":4},"end":{"line":38,"column":5}},"9":{"start":{"line":26,"column":6},"end":{"line":26,"column":43}},"10":{"start":{"line":27,"column":6},"end":{"line":27,"column":27}},"11":{"start":{"line":29,"column":17},"end":{"line":29,"column":18}},"12":{"start":{"line":30,"column":6},"end":{"line":36,"column":7}},"13":{"start":{"line":30,"column":19},"end":{"line":30,"column":20}},"14":{"start":{"line":31,"column":22},"end":{"line":31,"column":49}},"15":{"start":{"line":33,"column":8},"end":{"line":35,"column":9}},"16":{"start":{"line":34,"column":10},"end":{"line":34,"column":17}},"17":{"start":{"line":37,"column":6},"end":{"line":37,"column":18}},"18":{"start":{"line":39,"column":4},"end":{"line":39,"column":16}},"19":{"start":{"line":43,"column":22},"end":{"line":43,"column":79}},"20":{"start":{"line":44,"column":22},"end":{"line":44,"column":79}},"21":{"start":{"line":45,"column":4},"end":{"line":45,"column":45}},"22":{"start":{"line":47,"column":16},"end":{"line":47,"column":17}},"23":{"start":{"line":48,"column":4},"end":{"line":57,"column":5}},"24":{"start":{"line":48,"column":17},"end":{"line":48,"column":18}},"25":{"start":{"line":49,"column":19},"end":{"line":49,"column":46}},"26":{"start":{"line":50,"column":16},"end":{"line":50,"column":108}},"27":{"start":{"line":51,"column":16},"end":{"line":51,"column":96}},"28":{"start":{"line":53,"column":6},"end":{"line":56,"column":7}},"29":{"start":{"line":54,"column":8},"end":{"line":54,"column":31}},"30":{"start":{"line":55,"column":8},"end":{"line":55,"column":16}},"31":{"start":{"line":61,"column":4},"end":{"line":61,"column":20}},"32":{"start":{"line":62,"column":4},"end":{"line":64,"column":5}},"33":{"start":{"line":62,"column":17},"end":{"line":62,"column":18}},"34":{"start":{"line":63,"column":6},"end":{"line":63,"column":26}},"35":{"start":{"line":66,"column":4},"end":{"line":73,"column":5}},"36":{"start":{"line":66,"column":17},"end":{"line":66,"column":18}},"37":{"start":{"line":67,"column":19},"end":{"line":67,"column":45}},"38":{"start":{"line":68,"column":6},"end":{"line":72,"column":7}},"39":{"start":{"line":69,"column":21},"end":{"line":69,"column":42}},"40":{"start":{"line":70,"column":22},"end":{"line":70,"column":31}},"41":{"start":{"line":71,"column":8},"end":{"line":71,"column":37}},"42":{"start":{"line":77,"column":4},"end":{"line":77,"column":43}},"43":{"start":{"line":81,"column":4},"end":{"line":81,"column":45}},"44":{"start":{"line":85,"column":4},"end":{"line":85,"column":44}},"45":{"start":{"line":89,"column":4},"end":{"line":89,"column":45}},"46":{"start":{"line":93,"column":4},"end":{"line":93,"column":44}},"47":{"start":{"line":97,"column":4},"end":{"line":97,"column":43}},"48":{"start":{"line":102,"column":4},"end":{"line":102,"column":47}}},"fnMap":{"0":{"name":"(anonymous_0)","decl":{"start":{"line":6,"column":2},"end":{"line":6,"column":3}},"loc":{"start":{"line":6,"column":21},"end":{"line":12,"column":3}},"line":6},"1":{"name":"(anonymous_1)","decl":{"start":{"line":14,"column":2},"end":{"line":14,"column":3}},"loc":{"start":{"line":14,"column":11},"end":{"line":18,"column":3}},"line":14},"2":{"name":"(anonymous_2)","decl":{"start":{"line":20,"column":2},"end":{"line":20,"column":3}},"loc":{"start":{"line":20,"column":18},"end":{"line":22,"column":3}},"line":20},"3":{"name":"(anonymous_3)","decl":{"start":{"line":24,"column":2},"end":{"line":24,"column":3}},"loc":{"start":{"line":24,"column":16},"end":{"line":40,"column":3}},"line":24},"4":{"name":"(anonymous_4)","decl":{"start":{"line":42,"column":2},"end":{"line":42,"column":3}},"loc":{"start":{"line":42,"column":28},"end":{"line":58,"column":3}},"line":42},"5":{"name":"(anonymous_5)","decl":{"start":{"line":60,"column":2},"end":{"line":60,"column":3}},"loc":{"start":{"line":60,"column":16},"end":{"line":74,"column":3}},"line":60},"6":{"name":"(anonymous_6)","decl":{"start":{"line":76,"column":2},"end":{"line":76,"column":3}},"loc":{"start":{"line":76,"column":18},"end":{"line":78,"column":3}},"line":76},"7":{"name":"(anonymous_7)","decl":{"start":{"line":80,"column":2},"end":{"line":80,"column":3}},"loc":{"start":{"line":80,"column":20},"end":{"line":82,"column":3}},"line":80},"8":{"name":"(anonymous_8)","decl":{"start":{"line":84,"column":2},"end":{"line":84,"column":3}},"loc":{"start":{"line":84,"column":19},"end":{"line":86,"column":3}},"line":84},"9":{"name":"(anonymous_9)","decl":{"start":{"line":88,"column":2},"end":{"line":88,"column":3}},"loc":{"start":{"line":88,"column":20},"end":{"line":90,"column":3}},"line":88},"10":{"name":"(anonymous_10)","decl":{"start":{"line":92,"column":2},"end":{"line":92,"column":3}},"loc":{"start":{"line":92,"column":19},"end":{"line":94,"column":3}},"line":92},"11":{"name":"(anonymous_11)","decl":{"start":{"line":96,"column":2},"end":{"line":96,"column":3}},"loc":{"start":{"line":96,"column":19},"end":{"line":98,"column":3}},"line":96},"12":{"name":"(anonymous_12)","decl":{"start":{"line":101,"column":2},"end":{"line":101,"column":3}},"loc":{"start":{"line":101,"column":15},"end":{"line":103,"column":3}},"line":101}},"branchMap":{"0":{"loc":{"start":{"line":25,"column":4},"end":{"line":38,"column":5}},"type":"if","locations":[{"start":{"line":25,"column":4},"end":{"line":38,"column":5}},{"start":{"line":25,"column":4},"end":{"line":38,"column":5}}],"line":25},"1":{"loc":{"start":{"line":33,"column":8},"end":{"line":35,"column":9}},"type":"if","locations":[{"start":{"line":33,"column":8},"end":{"line":35,"column":9}},{"start":{"line":33,"column":8},"end":{"line":35,"column":9}}],"line":33},"2":{"loc":{"start":{"line":53,"column":6},"end":{"line":56,"column":7}},"type":"if","locations":[{"start":{"line":53,"column":6},"end":{"line":56,"column":7}},{"start":{"line":53,"column":6},"end":{"line":56,"column":7}}],"line":53},"3":{"loc":{"start":{"line":68,"column":6},"end":{"line":72,"column":7}},"type":"if","locations":[{"start":{"line":68,"column":6},"end":{"line":72,"column":7}},{"start":{"line":68,"column":6},"end":{"line":72,"column":7}}],"line":68},"4":{"loc":{"start":{"line":68,"column":10},"end":{"line":68,"column":42}},"type":"binary-expr","locations":[{"start":{"line":68,"column":10},"end":{"line":68,"column":28}},{"start":{"line":68,"column":32},"end":{"line":68,"column":42}}],"line":68}},"s":{"0":9,"1":9,"2":9,"3":9,"4":2,"5":2,"6":2,"7":6,"8":0,"9":0,"10":0,"11":0,"12":0,"13":0,"14":0,"15":0,"16":0,"17":0,"18":0,"19":0,"20":0,"21":0,"22":0,"23":0,"24":0,"25":0,"26":0,"27":0,"28":0,"29":0,"30":0,"31":8,"32":8,"33":8,"34":48,"35":8,"36":8,"37":36,"38":36,"39":36,"40":36,"41":36,"42":1,"43":1,"44":1,"45":1,"46":1,"47":1,"48":1},"f":{"0":9,"1":2,"2":6,"3":0,"4":0,"5":8,"6":1,"7":1,"8":1,"9":1,"10":1,"11":1,"12":1},"b":{"0":[0,0],"1":[0,0],"2":[0,0],"3":[36,0],"4":[36,36]},"_coverageSchema":"43e27e138ebf9cfc5966b082cf9a028302ed4184","hash":"37b57a346d5c35433241992871bdac19e17afb33"}
,"/home/ipercy/cs554final/group6-battlecode/bots/specs.js": {"path":"/home/ipercy/cs554final/group6-battlecode/bots/specs.js","statementMap":{},"fnMap":{},"branchMap":{},"s":{},"f":{},"b":{},"_coverageSchema":"43e27e138ebf9cfc5966b082cf9a028302ed4184","hash":"20d3ada3278fd0e158923f385c834c053da9ab4b"}
,"/home/ipercy/cs554final/group6-battlecode/bots/tactician.js": {"path":"/home/ipercy/cs554final/group6-battlecode/bots/tactician.js","statementMap":{"0":{"start":{"line":7,"column":4},"end":{"line":7,"column":23}},"1":{"start":{"line":8,"column":4},"end":{"line":8,"column":25}},"2":{"start":{"line":9,"column":4},"end":{"line":9,"column":23}},"3":{"start":{"line":10,"column":4},"end":{"line":10,"column":23}},"4":{"start":{"line":11,"column":4},"end":{"line":11,"column":21}},"5":{"start":{"line":12,"column":4},"end":{"line":12,"column":21}},"6":{"start":{"line":13,"column":4},"end":{"line":13,"column":21}},"7":{"start":{"line":14,"column":4},"end":{"line":14,"column":22}},"8":{"start":{"line":17,"column":4},"end":{"line":17,"column":23}},"9":{"start":{"line":18,"column":4},"end":{"line":18,"column":45}},"10":{"start":{"line":22,"column":4},"end":{"line":22,"column":25}},"11":{"start":{"line":23,"column":4},"end":{"line":23,"column":29}},"12":{"start":{"line":24,"column":4},"end":{"line":27,"column":6}},"13":{"start":{"line":28,"column":4},"end":{"line":28,"column":32}},"14":{"start":{"line":29,"column":4},"end":{"line":29,"column":35}},"15":{"start":{"line":30,"column":4},"end":{"line":30,"column":35}},"16":{"start":{"line":31,"column":4},"end":{"line":31,"column":34}},"17":{"start":{"line":35,"column":4},"end":{"line":35,"column":80}},"18":{"start":{"line":39,"column":4},"end":{"line":39,"column":59}},"19":{"start":{"line":40,"column":4},"end":{"line":40,"column":25}},"20":{"start":{"line":44,"column":4},"end":{"line":49,"column":14}},"21":{"start":{"line":45,"column":6},"end":{"line":47,"column":7}},"22":{"start":{"line":46,"column":8},"end":{"line":46,"column":20}},"23":{"start":{"line":48,"column":6},"end":{"line":48,"column":19}},"24":{"start":{"line":53,"column":4},"end":{"line":58,"column":14}},"25":{"start":{"line":54,"column":6},"end":{"line":56,"column":7}},"26":{"start":{"line":55,"column":8},"end":{"line":55,"column":20}},"27":{"start":{"line":57,"column":6},"end":{"line":57,"column":19}},"28":{"start":{"line":63,"column":4},"end":{"line":70,"column":7}},"29":{"start":{"line":64,"column":19},"end":{"line":64,"column":76}},"30":{"start":{"line":65,"column":23},"end":{"line":65,"column":59}},"31":{"start":{"line":66,"column":6},"end":{"line":68,"column":7}},"32":{"start":{"line":67,"column":8},"end":{"line":67,"column":20}},"33":{"start":{"line":69,"column":6},"end":{"line":69,"column":19}},"34":{"start":{"line":74,"column":20},"end":{"line":74,"column":43}},"35":{"start":{"line":76,"column":4},"end":{"line":98,"column":5}},"36":{"start":{"line":78,"column":26},"end":{"line":85,"column":7}},"37":{"start":{"line":88,"column":6},"end":{"line":90,"column":7}},"38":{"start":{"line":88,"column":19},"end":{"line":88,"column":20}},"39":{"start":{"line":89,"column":8},"end":{"line":89,"column":54}},"40":{"start":{"line":93,"column":6},"end":{"line":97,"column":7}},"41":{"start":{"line":94,"column":8},"end":{"line":96,"column":9}},"42":{"start":{"line":95,"column":10},"end":{"line":95,"column":37}},"43":{"start":{"line":99,"column":4},"end":{"line":99,"column":16}},"44":{"start":{"line":103,"column":18},"end":{"line":103,"column":75}},"45":{"start":{"line":105,"column":4},"end":{"line":107,"column":5}},"46":{"start":{"line":106,"column":6},"end":{"line":106,"column":18}},"47":{"start":{"line":108,"column":4},"end":{"line":108,"column":17}},"48":{"start":{"line":114,"column":15},"end":{"line":114,"column":35}},"49":{"start":{"line":115,"column":15},"end":{"line":115,"column":35}},"50":{"start":{"line":116,"column":18},"end":{"line":116,"column":35}},"51":{"start":{"line":118,"column":4},"end":{"line":125,"column":5}},"52":{"start":{"line":119,"column":6},"end":{"line":121,"column":7}},"53":{"start":{"line":120,"column":8},"end":{"line":120,"column":41}},"54":{"start":{"line":123,"column":6},"end":{"line":123,"column":65}},"55":{"start":{"line":124,"column":6},"end":{"line":124,"column":43}},"56":{"start":{"line":126,"column":4},"end":{"line":126,"column":16}}},"fnMap":{"0":{"name":"(anonymous_0)","decl":{"start":{"line":6,"column":2},"end":{"line":6,"column":3}},"loc":{"start":{"line":6,"column":21},"end":{"line":19,"column":3}},"line":6},"1":{"name":"(anonymous_1)","decl":{"start":{"line":21,"column":2},"end":{"line":21,"column":3}},"loc":{"start":{"line":21,"column":27},"end":{"line":32,"column":3}},"line":21},"2":{"name":"(anonymous_2)","decl":{"start":{"line":34,"column":2},"end":{"line":34,"column":3}},"loc":{"start":{"line":34,"column":15},"end":{"line":36,"column":3}},"line":34},"3":{"name":"(anonymous_3)","decl":{"start":{"line":38,"column":2},"end":{"line":38,"column":3}},"loc":{"start":{"line":38,"column":19},"end":{"line":41,"column":3}},"line":38},"4":{"name":"(anonymous_4)","decl":{"start":{"line":43,"column":2},"end":{"line":43,"column":3}},"loc":{"start":{"line":43,"column":26},"end":{"line":50,"column":3}},"line":43},"5":{"name":"(anonymous_5)","decl":{"start":{"line":44,"column":30},"end":{"line":44,"column":31}},"loc":{"start":{"line":44,"column":41},"end":{"line":49,"column":5}},"line":44},"6":{"name":"(anonymous_6)","decl":{"start":{"line":52,"column":2},"end":{"line":52,"column":3}},"loc":{"start":{"line":52,"column":26},"end":{"line":59,"column":3}},"line":52},"7":{"name":"(anonymous_7)","decl":{"start":{"line":53,"column":30},"end":{"line":53,"column":31}},"loc":{"start":{"line":53,"column":41},"end":{"line":58,"column":5}},"line":53},"8":{"name":"(anonymous_8)","decl":{"start":{"line":61,"column":2},"end":{"line":61,"column":3}},"loc":{"start":{"line":61,"column":21},"end":{"line":71,"column":3}},"line":61},"9":{"name":"(anonymous_9)","decl":{"start":{"line":63,"column":30},"end":{"line":63,"column":31}},"loc":{"start":{"line":63,"column":41},"end":{"line":70,"column":5}},"line":63},"10":{"name":"(anonymous_10)","decl":{"start":{"line":73,"column":2},"end":{"line":73,"column":3}},"loc":{"start":{"line":73,"column":19},"end":{"line":100,"column":3}},"line":73},"11":{"name":"(anonymous_11)","decl":{"start":{"line":102,"column":2},"end":{"line":102,"column":3}},"loc":{"start":{"line":102,"column":22},"end":{"line":109,"column":3}},"line":102},"12":{"name":"(anonymous_12)","decl":{"start":{"line":113,"column":2},"end":{"line":113,"column":3}},"loc":{"start":{"line":113,"column":21},"end":{"line":127,"column":3}},"line":113}},"branchMap":{"0":{"loc":{"start":{"line":45,"column":6},"end":{"line":47,"column":7}},"type":"if","locations":[{"start":{"line":45,"column":6},"end":{"line":47,"column":7}},{"start":{"line":45,"column":6},"end":{"line":47,"column":7}}],"line":45},"1":{"loc":{"start":{"line":45,"column":10},"end":{"line":45,"column":91}},"type":"binary-expr","locations":[{"start":{"line":45,"column":10},"end":{"line":45,"column":34}},{"start":{"line":45,"column":38},"end":{"line":45,"column":66}},{"start":{"line":45,"column":70},"end":{"line":45,"column":91}}],"line":45},"2":{"loc":{"start":{"line":54,"column":6},"end":{"line":56,"column":7}},"type":"if","locations":[{"start":{"line":54,"column":6},"end":{"line":56,"column":7}},{"start":{"line":54,"column":6},"end":{"line":56,"column":7}}],"line":54},"3":{"loc":{"start":{"line":54,"column":10},"end":{"line":54,"column":66}},"type":"binary-expr","locations":[{"start":{"line":54,"column":10},"end":{"line":54,"column":34}},{"start":{"line":54,"column":38},"end":{"line":54,"column":66}}],"line":54},"4":{"loc":{"start":{"line":66,"column":6},"end":{"line":68,"column":7}},"type":"if","locations":[{"start":{"line":66,"column":6},"end":{"line":68,"column":7}},{"start":{"line":66,"column":6},"end":{"line":68,"column":7}}],"line":66},"5":{"loc":{"start":{"line":66,"column":10},"end":{"line":66,"column":54}},"type":"binary-expr","locations":[{"start":{"line":66,"column":10},"end":{"line":66,"column":34}},{"start":{"line":66,"column":38},"end":{"line":66,"column":54}}],"line":66},"6":{"loc":{"start":{"line":76,"column":4},"end":{"line":98,"column":5}},"type":"if","locations":[{"start":{"line":76,"column":4},"end":{"line":98,"column":5}},{"start":{"line":76,"column":4},"end":{"line":98,"column":5}}],"line":76},"7":{"loc":{"start":{"line":76,"column":8},"end":{"line":76,"column":45}},"type":"binary-expr","locations":[{"start":{"line":76,"column":8},"end":{"line":76,"column":26}},{"start":{"line":76,"column":30},"end":{"line":76,"column":45}}],"line":76},"8":{"loc":{"start":{"line":94,"column":8},"end":{"line":96,"column":9}},"type":"if","locations":[{"start":{"line":94,"column":8},"end":{"line":96,"column":9}},{"start":{"line":94,"column":8},"end":{"line":96,"column":9}}],"line":94},"9":{"loc":{"start":{"line":105,"column":4},"end":{"line":107,"column":5}},"type":"if","locations":[{"start":{"line":105,"column":4},"end":{"line":107,"column":5}},{"start":{"line":105,"column":4},"end":{"line":107,"column":5}}],"line":105},"10":{"loc":{"start":{"line":105,"column":8},"end":{"line":105,"column":106}},"type":"binary-expr","locations":[{"start":{"line":105,"column":8},"end":{"line":105,"column":55}},{"start":{"line":105,"column":59},"end":{"line":105,"column":106}}],"line":105},"11":{"loc":{"start":{"line":118,"column":4},"end":{"line":125,"column":5}},"type":"if","locations":[{"start":{"line":118,"column":4},"end":{"line":125,"column":5}},{"start":{"line":118,"column":4},"end":{"line":125,"column":5}}],"line":118},"12":{"loc":{"start":{"line":119,"column":6},"end":{"line":121,"column":7}},"type":"if","locations":[{"start":{"line":119,"column":6},"end":{"line":121,"column":7}},{"start":{"line":119,"column":6},"end":{"line":121,"column":7}}],"line":119},"13":{"loc":{"start":{"line":119,"column":10},"end":{"line":119,"column":108}},"type":"binary-expr","locations":[{"start":{"line":119,"column":10},"end":{"line":119,"column":57}},{"start":{"line":119,"column":61},"end":{"line":119,"column":108}}],"line":119}},"s":{"0":9,"1":9,"2":9,"3":9,"4":9,"5":9,"6":9,"7":9,"8":9,"9":9,"10":8,"11":8,"12":8,"13":8,"14":8,"15":8,"16":8,"17":1,"18":1,"19":1,"20":0,"21":0,"22":0,"23":0,"24":0,"25":0,"26":0,"27":0,"28":2,"29":6,"30":6,"31":6,"32":4,"33":2,"34":1,"35":1,"36":1,"37":1,"38":1,"39":2,"40":1,"41":1,"42":1,"43":0,"44":2,"45":2,"46":1,"47":1,"48":2,"49":2,"50":2,"51":2,"52":1,"53":1,"54":0,"55":0,"56":1},"f":{"0":9,"1":8,"2":1,"3":1,"4":0,"5":0,"6":0,"7":0,"8":2,"9":6,"10":1,"11":2,"12":2},"b":{"0":[0,0],"1":[0,0,0],"2":[0,0],"3":[0,0],"4":[4,2],"5":[6,6],"6":[1,0],"7":[1,1],"8":[1,0],"9":[1,1],"10":[2,2],"11":[1,1],"12":[1,0],"13":[1,1]},"_coverageSchema":"43e27e138ebf9cfc5966b082cf9a028302ed4184","hash":"bc30a4dec692643331e2fdfeef3dc9abec73b9fb"}
}
