TN:
SF:/home/ipercy/cs554final/group6-battlecode/bots/atlas.js
FN:7,(anonymous_0)
FN:33,(anonymous_1)
FN:42,(anonymous_2)
FN:73,(anonymous_3)
FN:85,(anonymous_4)
FN:108,(anonymous_5)
FN:122,(anonymous_6)
FN:137,(anonymous_7)
FN:155,(anonymous_8)
FN:222,(anonymous_9)
FN:227,(anonymous_10)
FN:231,(anonymous_11)
FN:236,(anonymous_12)
FN:248,(anonymous_13)
FN:258,(anonymous_14)
FN:265,(anonymous_15)
FN:272,(anonymous_16)
FN:293,(anonymous_17)
FN:313,(anonymous_18)
FN:320,(anonymous_19)
FN:363,(anonymous_20)
FN:386,(anonymous_21)
FN:395,(anonymous_22)
FN:443,(anonymous_23)
FN:453,(anonymous_24)
FN:468,(anonymous_25)
FN:488,(anonymous_26)
FN:512,(anonymous_27)
FN:513,(anonymous_28)
FN:519,(anonymous_29)
FN:590,(anonymous_30)
FN:599,(anonymous_31)
FN:649,(anonymous_32)
FN:711,(anonymous_33)
FN:769,(anonymous_34)
FN:788,(anonymous_35)
FN:817,(anonymous_36)
FNF:37
FNH:14
FNDA:22,(anonymous_0)
FNDA:0,(anonymous_1)
FNDA:12,(anonymous_2)
FNDA:1,(anonymous_3)
FNDA:1,(anonymous_4)
FNDA:1,(anonymous_5)
FNDA:0,(anonymous_6)
FNDA:0,(anonymous_7)
FNDA:0,(anonymous_8)
FNDA:0,(anonymous_9)
FNDA:1,(anonymous_10)
FNDA:0,(anonymous_11)
FNDA:2,(anonymous_12)
FNDA:1,(anonymous_13)
FNDA:0,(anonymous_14)
FNDA:0,(anonymous_15)
FNDA:0,(anonymous_16)
FNDA:2,(anonymous_17)
FNDA:3,(anonymous_18)
FNDA:0,(anonymous_19)
FNDA:28,(anonymous_20)
FNDA:0,(anonymous_21)
FNDA:0,(anonymous_22)
FNDA:0,(anonymous_23)
FNDA:2,(anonymous_24)
FNDA:0,(anonymous_25)
FNDA:1,(anonymous_26)
FNDA:0,(anonymous_27)
FNDA:0,(anonymous_28)
FNDA:0,(anonymous_29)
FNDA:2,(anonymous_30)
FNDA:0,(anonymous_31)
FNDA:0,(anonymous_32)
FNDA:0,(anonymous_33)
FNDA:0,(anonymous_34)
FNDA:0,(anonymous_35)
FNDA:0,(anonymous_36)
DA:8,22
DA:9,22
DA:10,22
DA:11,22
DA:12,22
DA:13,22
DA:15,22
DA:16,22
DA:18,22
DA:19,22
DA:20,22
DA:21,22
DA:22,22
DA:23,22
DA:25,22
DA:26,22
DA:27,22
DA:28,22
DA:30,22
DA:34,0
DA:35,0
DA:36,0
DA:37,0
DA:38,0
DA:43,12
DA:44,12
DA:45,12
DA:46,60
DA:47,60
DA:48,300
DA:49,24
DA:50,24
DA:56,276
DA:57,12
DA:58,12
DA:65,264
DA:68,60
DA:74,1
DA:75,1
DA:76,1
DA:86,1
DA:87,5
DA:88,25
DA:90,25
DA:91,25
DA:92,75
DA:93,3
DA:96,25
DA:97,3
DA:98,2
DA:99,1
DA:100,1
DA:109,1
DA:110,1
DA:111,1
DA:112,5
DA:113,25
DA:114,3
DA:119,1
DA:123,0
DA:124,0
DA:125,0
DA:126,0
DA:127,0
DA:128,0
DA:129,0
DA:134,0
DA:138,0
DA:139,0
DA:140,0
DA:141,0
DA:142,0
DA:143,0
DA:144,0
DA:145,0
DA:152,0
DA:156,0
DA:157,0
DA:160,0
DA:161,0
DA:162,0
DA:163,0
DA:169,0
DA:172,0
DA:173,0
DA:174,0
DA:175,0
DA:177,0
DA:178,0
DA:179,0
DA:181,0
DA:182,0
DA:184,0
DA:185,0
DA:187,0
DA:188,0
DA:194,0
DA:195,0
DA:196,0
DA:197,0
DA:198,0
DA:199,0
DA:200,0
DA:202,0
DA:208,0
DA:209,0
DA:210,0
DA:211,0
DA:214,0
DA:215,0
DA:218,0
DA:223,0
DA:224,0
DA:228,1
DA:232,0
DA:233,0
DA:237,2
DA:238,5
DA:239,17
DA:240,1
DA:245,1
DA:249,1
DA:250,1
DA:251,1
DA:252,1
DA:259,0
DA:260,0
DA:262,0
DA:266,0
DA:267,0
DA:269,0
DA:273,0
DA:274,0
DA:275,0
DA:276,0
DA:278,0
DA:279,0
DA:280,0
DA:281,0
DA:283,0
DA:284,0
DA:290,0
DA:294,2
DA:295,2
DA:296,2
DA:297,2
DA:298,2
DA:308,1
DA:310,1
DA:314,3
DA:315,1
DA:317,2
DA:322,0
DA:323,0
DA:324,0
DA:325,0
DA:328,0
DA:340,0
DA:341,0
DA:342,0
DA:344,0
DA:345,0
DA:347,0
DA:351,0
DA:352,0
DA:353,0
DA:354,0
DA:359,0
DA:360,0
DA:365,28
DA:366,0
DA:370,28
DA:371,0
DA:375,28
DA:376,1
DA:380,27
DA:381,4
DA:383,23
DA:387,0
DA:388,0
DA:389,0
DA:390,0
DA:397,0
DA:399,0
DA:400,0
DA:404,0
DA:405,0
DA:408,0
DA:411,0
DA:412,0
DA:413,0
DA:414,0
DA:415,0
DA:416,0
DA:417,0
DA:418,0
DA:422,0
DA:423,0
DA:426,0
DA:428,0
DA:429,0
DA:430,0
DA:431,0
DA:436,0
DA:439,0
DA:445,0
DA:446,0
DA:447,0
DA:448,0
DA:449,0
DA:454,2
DA:455,1
DA:457,1
DA:458,1
DA:459,2
DA:460,2
DA:461,1
DA:464,1
DA:469,0
DA:470,0
DA:471,0
DA:472,0
DA:473,0
DA:474,0
DA:475,0
DA:476,0
DA:481,0
DA:482,0
DA:484,0
DA:489,1
DA:490,1
DA:491,5
DA:492,5
DA:493,25
DA:494,25
DA:495,25
DA:496,25
DA:497,25
DA:498,25
DA:499,25
DA:500,25
DA:501,25
DA:502,25
DA:503,25
DA:504,25
DA:506,5
DA:508,1
DA:513,0
DA:514,0
DA:520,0
DA:521,0
DA:522,0
DA:523,0
DA:524,0
DA:526,0
DA:528,0
DA:530,0
DA:532,0
DA:535,0
DA:536,0
DA:537,0
DA:538,0
DA:539,0
DA:540,0
DA:542,0
DA:546,0
DA:549,0
DA:551,0
DA:552,0
DA:554,0
DA:556,0
DA:561,0
DA:562,0
DA:564,0
DA:566,0
DA:567,0
DA:568,0
DA:569,0
DA:570,0
DA:572,0
DA:574,0
DA:577,0
DA:578,0
DA:586,0
DA:593,2
DA:594,2
DA:595,2
DA:600,0
DA:601,0
DA:602,0
DA:605,0
DA:606,0
DA:610,0
DA:611,0
DA:615,0
DA:616,0
DA:620,0
DA:621,0
DA:624,0
DA:626,0
DA:627,0
DA:631,0
DA:632,0
DA:636,0
DA:637,0
DA:641,0
DA:642,0
DA:645,0
DA:650,0
DA:651,0
DA:653,0
DA:656,0
DA:657,0
DA:658,0
DA:659,0
DA:660,0
DA:661,0
DA:662,0
DA:664,0
DA:665,0
DA:666,0
DA:671,0
DA:672,0
DA:673,0
DA:674,0
DA:675,0
DA:676,0
DA:678,0
DA:680,0
DA:681,0
DA:682,0
DA:683,0
DA:684,0
DA:686,0
DA:690,0
DA:693,0
DA:697,0
DA:698,0
DA:699,0
DA:700,0
DA:701,0
DA:702,0
DA:703,0
DA:708,0
DA:712,0
DA:713,0
DA:715,0
DA:718,0
DA:719,0
DA:720,0
DA:721,0
DA:722,0
DA:723,0
DA:724,0
DA:726,0
DA:727,0
DA:728,0
DA:733,0
DA:734,0
DA:735,0
DA:736,0
DA:738,0
DA:740,0
DA:741,0
DA:742,0
DA:744,0
DA:748,0
DA:751,0
DA:755,0
DA:756,0
DA:757,0
DA:758,0
DA:759,0
DA:760,0
DA:761,0
DA:766,0
DA:771,0
DA:772,0
DA:776,0
DA:777,0
DA:778,0
DA:779,0
DA:780,0
DA:784,0
DA:789,0
DA:790,0
DA:791,0
DA:793,0
DA:796,0
DA:797,0
DA:798,0
DA:799,0
DA:800,0
DA:801,0
DA:805,0
DA:806,0
DA:808,0
DA:809,0
DA:810,0
DA:814,0
DA:818,0
DA:819,0
DA:820,0
DA:822,0
DA:825,0
DA:826,0
DA:827,0
DA:828,0
DA:829,0
DA:830,0
DA:834,0
DA:835,0
DA:837,0
DA:838,0
DA:839,0
DA:843,0
LF:416
LH:110
BRDA:48,0,0,24
BRDA:48,0,1,276
BRDA:56,1,0,12
BRDA:56,1,1,264
BRDA:88,2,0,25
BRDA:88,2,1,0
BRDA:92,3,0,3
BRDA:92,3,1,72
BRDA:92,4,0,75
BRDA:92,4,1,15
BRDA:96,5,0,3
BRDA:96,5,1,22
BRDA:97,6,0,2
BRDA:97,6,1,1
BRDA:97,7,0,3
BRDA:97,7,1,1
BRDA:99,8,0,1
BRDA:99,8,1,0
BRDA:109,9,0,1
BRDA:109,9,1,0
BRDA:113,10,0,3
BRDA:113,10,1,22
BRDA:113,11,0,25
BRDA:113,11,1,23
BRDA:127,12,0,0
BRDA:127,12,1,0
BRDA:128,13,0,0
BRDA:128,13,1,0
BRDA:128,14,0,0
BRDA:128,14,1,0
BRDA:140,15,0,0
BRDA:140,15,1,0
BRDA:141,16,0,0
BRDA:141,16,1,0
BRDA:143,17,0,0
BRDA:143,17,1,0
BRDA:144,18,0,0
BRDA:144,18,1,0
BRDA:144,19,0,0
BRDA:144,19,1,0
BRDA:162,20,0,0
BRDA:162,20,1,0
BRDA:162,21,0,0
BRDA:162,21,1,0
BRDA:178,22,0,0
BRDA:178,22,1,0
BRDA:181,23,0,0
BRDA:181,23,1,0
BRDA:184,24,0,0
BRDA:184,24,1,0
BRDA:187,25,0,0
BRDA:187,25,1,0
BRDA:197,26,0,0
BRDA:197,26,1,0
BRDA:197,27,0,0
BRDA:197,27,1,0
BRDA:210,28,0,0
BRDA:210,28,1,0
BRDA:214,29,0,0
BRDA:214,29,1,0
BRDA:239,30,0,1
BRDA:239,30,1,16
BRDA:250,31,0,1
BRDA:250,31,1,0
BRDA:250,32,0,1
BRDA:250,32,1,0
BRDA:251,33,0,1
BRDA:251,33,1,0
BRDA:259,34,0,0
BRDA:259,34,1,0
BRDA:266,35,0,0
BRDA:266,35,1,0
BRDA:280,36,0,0
BRDA:280,36,1,0
BRDA:280,37,0,0
BRDA:280,37,1,0
BRDA:280,37,2,0
BRDA:280,37,3,0
BRDA:283,38,0,0
BRDA:283,38,1,0
BRDA:283,39,0,0
BRDA:283,39,1,0
BRDA:283,39,2,0
BRDA:298,40,0,1
BRDA:298,40,1,1
BRDA:299,41,0,2
BRDA:299,41,1,2
BRDA:299,41,2,2
BRDA:299,41,3,2
BRDA:299,41,4,2
BRDA:299,41,5,2
BRDA:299,41,6,2
BRDA:299,41,7,2
BRDA:299,41,8,1
BRDA:299,41,9,1
BRDA:299,41,10,2
BRDA:299,41,11,2
BRDA:299,41,12,2
BRDA:299,41,13,2
BRDA:299,41,14,2
BRDA:299,41,15,2
BRDA:299,41,16,2
BRDA:299,41,17,2
BRDA:299,41,18,2
BRDA:299,41,19,2
BRDA:299,41,20,2
BRDA:299,41,21,2
BRDA:299,41,22,2
BRDA:299,41,23,2
BRDA:299,41,24,2
BRDA:299,41,25,2
BRDA:299,41,26,2
BRDA:299,41,27,2
BRDA:299,41,28,1
BRDA:299,41,29,1
BRDA:299,41,30,2
BRDA:299,41,31,2
BRDA:299,41,32,2
BRDA:299,41,33,2
BRDA:299,41,34,2
BRDA:299,41,35,2
BRDA:299,41,36,2
BRDA:299,41,37,2
BRDA:299,41,38,2
BRDA:299,41,39,2
BRDA:314,42,0,1
BRDA:314,42,1,2
BRDA:314,43,0,3
BRDA:314,43,1,2
BRDA:314,43,2,1
BRDA:314,43,3,1
BRDA:324,44,0,0
BRDA:324,44,1,0
BRDA:324,45,0,0
BRDA:324,45,1,0
BRDA:324,45,2,0
BRDA:324,45,3,0
BRDA:344,46,0,0
BRDA:344,46,1,0
BRDA:353,47,0,0
BRDA:353,47,1,0
BRDA:365,48,0,0
BRDA:365,48,1,28
BRDA:365,49,0,28
BRDA:365,49,1,28
BRDA:370,50,0,0
BRDA:370,50,1,28
BRDA:370,51,0,28
BRDA:370,51,1,28
BRDA:370,51,2,28
BRDA:370,51,3,28
BRDA:375,52,0,1
BRDA:375,52,1,27
BRDA:375,53,0,28
BRDA:375,53,1,1
BRDA:380,54,0,4
BRDA:380,54,1,23
BRDA:380,55,0,27
BRDA:380,55,1,25
BRDA:387,56,0,0
BRDA:387,56,1,0
BRDA:389,57,0,0
BRDA:389,57,1,0
BRDA:397,58,0,0
BRDA:397,58,1,0
BRDA:397,59,0,0
BRDA:397,59,1,0
BRDA:404,60,0,0
BRDA:404,60,1,0
BRDA:404,61,0,0
BRDA:404,61,1,0
BRDA:404,61,2,0
BRDA:411,62,0,0
BRDA:411,62,1,0
BRDA:411,63,0,0
BRDA:411,63,1,0
BRDA:416,64,0,0
BRDA:416,64,1,0
BRDA:426,65,0,0
BRDA:426,65,1,0
BRDA:428,66,0,0
BRDA:428,66,1,0
BRDA:428,67,0,0
BRDA:428,67,1,0
BRDA:448,68,0,0
BRDA:448,68,1,0
BRDA:454,69,0,1
BRDA:454,69,1,1
BRDA:460,70,0,1
BRDA:460,70,1,1
BRDA:472,71,0,0
BRDA:472,71,1,0
BRDA:474,72,0,0
BRDA:474,72,1,0
BRDA:481,73,0,0
BRDA:481,73,1,0
BRDA:535,74,0,0
BRDA:535,74,1,0
BRDA:535,75,0,0
BRDA:535,75,1,0
BRDA:554,76,0,0
BRDA:554,76,1,0
BRDA:554,77,0,0
BRDA:554,77,1,0
BRDA:564,78,0,0
BRDA:564,78,1,0
BRDA:564,79,0,0
BRDA:564,79,1,0
BRDA:568,80,0,0
BRDA:568,80,1,0
BRDA:572,81,0,0
BRDA:572,81,1,0
BRDA:605,82,0,0
BRDA:605,82,1,0
BRDA:605,83,0,0
BRDA:605,83,1,0
BRDA:610,84,0,0
BRDA:610,84,1,0
BRDA:610,85,0,0
BRDA:610,85,1,0
BRDA:615,86,0,0
BRDA:615,86,1,0
BRDA:615,87,0,0
BRDA:615,87,1,0
BRDA:620,88,0,0
BRDA:620,88,1,0
BRDA:620,89,0,0
BRDA:620,89,1,0
BRDA:624,90,0,0
BRDA:624,90,1,0
BRDA:626,91,0,0
BRDA:626,91,1,0
BRDA:626,92,0,0
BRDA:626,92,1,0
BRDA:631,93,0,0
BRDA:631,93,1,0
BRDA:631,94,0,0
BRDA:631,94,1,0
BRDA:636,95,0,0
BRDA:636,95,1,0
BRDA:636,96,0,0
BRDA:636,96,1,0
BRDA:641,97,0,0
BRDA:641,97,1,0
BRDA:641,98,0,0
BRDA:641,98,1,0
BRDA:661,99,0,0
BRDA:661,99,1,0
BRDA:665,100,0,0
BRDA:665,100,1,0
BRDA:666,101,0,0
BRDA:666,101,1,0
BRDA:666,102,0,0
BRDA:666,102,1,0
BRDA:666,102,2,0
BRDA:666,102,3,0
BRDA:672,103,0,0
BRDA:672,103,1,0
BRDA:673,104,0,0
BRDA:673,104,1,0
BRDA:675,105,0,0
BRDA:675,105,1,0
BRDA:680,106,0,0
BRDA:680,106,1,0
BRDA:681,107,0,0
BRDA:681,107,1,0
BRDA:683,108,0,0
BRDA:683,108,1,0
BRDA:701,109,0,0
BRDA:701,109,1,0
BRDA:723,110,0,0
BRDA:723,110,1,0
BRDA:727,111,0,0
BRDA:727,111,1,0
BRDA:728,112,0,0
BRDA:728,112,1,0
BRDA:728,113,0,0
BRDA:728,113,1,0
BRDA:728,113,2,0
BRDA:728,113,3,0
BRDA:734,114,0,0
BRDA:734,114,1,0
BRDA:735,115,0,0
BRDA:735,115,1,0
BRDA:735,116,0,0
BRDA:735,116,1,0
BRDA:740,117,0,0
BRDA:740,117,1,0
BRDA:741,118,0,0
BRDA:741,118,1,0
BRDA:741,119,0,0
BRDA:741,119,1,0
BRDA:759,120,0,0
BRDA:759,120,1,0
BRDA:771,121,0,0
BRDA:771,121,1,0
BRDA:777,122,0,0
BRDA:777,122,1,0
BRDA:779,123,0,0
BRDA:779,123,1,0
BRDA:779,124,0,0
BRDA:779,124,1,0
BRDA:779,124,2,0
BRDA:779,124,3,0
BRDA:789,125,0,0
BRDA:789,125,1,0
BRDA:790,126,0,0
BRDA:790,126,1,0
BRDA:793,127,0,0
BRDA:793,127,1,0
BRDA:793,128,0,0
BRDA:793,128,1,0
BRDA:796,129,0,0
BRDA:796,129,1,0
BRDA:797,130,0,0
BRDA:797,130,1,0
BRDA:797,131,0,0
BRDA:797,131,1,0
BRDA:799,132,0,0
BRDA:799,132,1,0
BRDA:805,133,0,0
BRDA:805,133,1,0
BRDA:808,134,0,0
BRDA:808,134,1,0
BRDA:808,135,0,0
BRDA:808,135,1,0
BRDA:818,136,0,0
BRDA:818,136,1,0
BRDA:819,137,0,0
BRDA:819,137,1,0
BRDA:822,138,0,0
BRDA:822,138,1,0
BRDA:822,139,0,0
BRDA:822,139,1,0
BRDA:825,140,0,0
BRDA:825,140,1,0
BRDA:826,141,0,0
BRDA:826,141,1,0
BRDA:826,142,0,0
BRDA:826,142,1,0
BRDA:828,143,0,0
BRDA:828,143,1,0
BRDA:834,144,0,0
BRDA:834,144,1,0
BRDA:837,145,0,0
BRDA:837,145,1,0
BRDA:837,146,0,0
BRDA:837,146,1,0
BRF:348
BRH:94
end_of_record
TN:
SF:/home/ipercy/cs554final/group6-battlecode/bots/binaryHeap.js
FN:1,BinaryHeap
FN:7,(anonymous_1)
FN:14,(anonymous_2)
FN:28,(anonymous_3)
FN:49,(anonymous_4)
FN:53,(anonymous_5)
FN:75,(anonymous_6)
FNF:7
FNH:4
FNDA:2,BinaryHeap
FNDA:1,(anonymous_1)
FNDA:0,(anonymous_2)
FNDA:0,(anonymous_3)
FNDA:2,(anonymous_4)
FNDA:1,(anonymous_5)
FNDA:0,(anonymous_6)
DA:2,2
DA:3,2
DA:6,2
DA:9,1
DA:11,1
DA:16,0
DA:18,0
DA:21,0
DA:22,0
DA:23,0
DA:25,0
DA:29,0
DA:32,0
DA:33,0
DA:36,0
DA:39,0
DA:42,0
DA:43,0
DA:44,0
DA:45,0
DA:50,2
DA:55,1
DA:56,1
DA:58,1
DA:60,0
DA:61,0
DA:64,0
DA:65,0
DA:69,0
DA:70,0
DA:71,0
DA:77,0
DA:78,0
DA:79,0
DA:81,0
DA:83,0
DA:84,0
DA:87,0
DA:89,0
DA:91,0
DA:92,0
DA:94,0
DA:95,0
DA:98,0
DA:99,0
DA:100,0
DA:101,0
DA:102,0
DA:106,0
DA:109,0
DA:110,0
DA:111,0
LF:52
LH:9
BRDA:21,0,0,0
BRDA:21,0,1,0
BRDA:33,1,0,0
BRDA:33,1,1,0
BRDA:39,2,0,0
BRDA:39,2,1,0
BRDA:64,3,0,0
BRDA:64,3,1,0
BRDA:89,4,0,0
BRDA:89,4,1,0
BRDA:94,5,0,0
BRDA:94,5,1,0
BRDA:98,6,0,0
BRDA:98,6,1,0
BRDA:101,7,0,0
BRDA:101,7,1,0
BRDA:101,8,0,0
BRDA:101,8,1,0
BRDA:106,9,0,0
BRDA:106,9,1,0
BRF:20
BRH:0
end_of_record
TN:
SF:/home/ipercy/cs554final/group6-battlecode/bots/constants.js
FNF:0
FNH:0
DA:1,4
DA:2,4
DA:3,4
DA:4,4
DA:5,4
DA:6,4
DA:7,4
DA:8,4
DA:9,4
DA:10,4
DA:11,4
DA:12,4
DA:13,4
DA:14,4
DA:15,4
DA:18,4
DA:19,4
DA:20,4
DA:21,4
DA:22,4
DA:23,4
DA:24,4
DA:25,4
DA:26,4
DA:27,4
DA:28,4
DA:29,4
DA:30,4
DA:32,4
DA:33,4
DA:34,4
DA:35,4
DA:36,4
DA:37,4
DA:38,4
DA:39,4
DA:40,4
DA:41,4
DA:42,4
DA:43,4
DA:44,4
DA:46,4
DA:47,4
DA:48,4
DA:49,4
DA:50,4
DA:51,4
DA:52,4
DA:53,4
DA:54,4
DA:55,4
DA:56,4
DA:57,4
DA:58,4
DA:60,4
DA:61,4
DA:64,4
DA:65,4
DA:66,4
DA:68,4
DA:69,4
DA:71,4
DA:73,4
DA:74,4
DA:75,4
DA:76,4
DA:78,4
DA:79,4
DA:81,4
DA:82,4
DA:83,4
DA:84,4
DA:85,4
DA:86,4
DA:89,4
DA:90,4
LF:76
LH:76
BRF:0
BRH:0
end_of_record
TN:
SF:/home/ipercy/cs554final/group6-battlecode/bots/network.js
FN:6,(anonymous_0)
FN:14,(anonymous_1)
FN:20,(anonymous_2)
FN:24,(anonymous_3)
FN:42,(anonymous_4)
FN:60,(anonymous_5)
FN:76,(anonymous_6)
FN:80,(anonymous_7)
FN:84,(anonymous_8)
FN:88,(anonymous_9)
FN:92,(anonymous_10)
FN:96,(anonymous_11)
FN:101,(anonymous_12)
FNF:13
FNH:11
FNDA:9,(anonymous_0)
FNDA:2,(anonymous_1)
FNDA:6,(anonymous_2)
FNDA:0,(anonymous_3)
FNDA:0,(anonymous_4)
FNDA:8,(anonymous_5)
FNDA:1,(anonymous_6)
FNDA:1,(anonymous_7)
FNDA:1,(anonymous_8)
FNDA:1,(anonymous_9)
FNDA:1,(anonymous_10)
FNDA:1,(anonymous_11)
FNDA:1,(anonymous_12)
DA:7,9
DA:8,9
DA:10,9
DA:11,9
DA:15,2
DA:16,2
DA:17,2
DA:21,6
DA:25,0
DA:26,0
DA:27,0
DA:29,0
DA:30,0
DA:31,0
DA:33,0
DA:34,0
DA:37,0
DA:39,0
DA:43,0
DA:44,0
DA:45,0
DA:47,0
DA:48,0
DA:49,0
DA:50,0
DA:51,0
DA:53,0
DA:54,0
DA:55,0
DA:61,8
DA:62,8
DA:63,48
DA:66,8
DA:67,36
DA:68,36
DA:69,36
DA:70,36
DA:71,36
DA:77,1
DA:81,1
DA:85,1
DA:89,1
DA:93,1
DA:97,1
DA:102,1
LF:45
LH:24
BRDA:25,0,0,0
BRDA:25,0,1,0
BRDA:33,1,0,0
BRDA:33,1,1,0
BRDA:53,2,0,0
BRDA:53,2,1,0
BRDA:68,3,0,36
BRDA:68,3,1,0
BRDA:68,4,0,36
BRDA:68,4,1,36
BRF:10
BRH:3
end_of_record
TN:
SF:/home/ipercy/cs554final/group6-battlecode/bots/specs.js
FNF:0
FNH:0
LF:0
LH:0
BRF:0
BRH:0
end_of_record
TN:
SF:/home/ipercy/cs554final/group6-battlecode/bots/tactician.js
FN:6,(anonymous_0)
FN:21,(anonymous_1)
FN:34,(anonymous_2)
FN:38,(anonymous_3)
FN:43,(anonymous_4)
FN:44,(anonymous_5)
FN:52,(anonymous_6)
FN:53,(anonymous_7)
FN:61,(anonymous_8)
FN:63,(anonymous_9)
FN:73,(anonymous_10)
FN:102,(anonymous_11)
FN:113,(anonymous_12)
FNF:13
FNH:9
FNDA:9,(anonymous_0)
FNDA:8,(anonymous_1)
FNDA:1,(anonymous_2)
FNDA:1,(anonymous_3)
FNDA:0,(anonymous_4)
FNDA:0,(anonymous_5)
FNDA:0,(anonymous_6)
FNDA:0,(anonymous_7)
FNDA:2,(anonymous_8)
FNDA:6,(anonymous_9)
FNDA:1,(anonymous_10)
FNDA:2,(anonymous_11)
FNDA:2,(anonymous_12)
DA:7,9
DA:8,9
DA:9,9
DA:10,9
DA:11,9
DA:12,9
DA:13,9
DA:14,9
DA:17,9
DA:18,9
DA:22,8
DA:23,8
DA:24,8
DA:28,8
DA:29,8
DA:30,8
DA:31,8
DA:35,1
DA:39,1
DA:40,1
DA:44,0
DA:45,0
DA:46,0
DA:48,0
DA:53,0
DA:54,0
DA:55,0
DA:57,0
DA:63,2
DA:64,6
DA:65,6
DA:66,6
DA:67,4
DA:69,2
DA:74,1
DA:76,1
DA:78,1
DA:88,1
DA:89,2
DA:93,1
DA:94,1
DA:95,1
DA:99,0
DA:103,2
DA:105,2
DA:106,1
DA:108,1
DA:114,2
DA:115,2
DA:116,2
DA:118,2
DA:119,1
DA:120,1
DA:123,0
DA:124,0
DA:126,1
LF:56
LH:45
BRDA:45,0,0,0
BRDA:45,0,1,0
BRDA:45,1,0,0
BRDA:45,1,1,0
BRDA:45,1,2,0
BRDA:54,2,0,0
BRDA:54,2,1,0
BRDA:54,3,0,0
BRDA:54,3,1,0
BRDA:66,4,0,4
BRDA:66,4,1,2
BRDA:66,5,0,6
BRDA:66,5,1,6
BRDA:76,6,0,1
BRDA:76,6,1,0
BRDA:76,7,0,1
BRDA:76,7,1,1
BRDA:94,8,0,1
BRDA:94,8,1,0
BRDA:105,9,0,1
BRDA:105,9,1,1
BRDA:105,10,0,2
BRDA:105,10,1,2
BRDA:118,11,0,1
BRDA:118,11,1,1
BRDA:119,12,0,1
BRDA:119,12,1,0
BRDA:119,13,0,1
BRDA:119,13,1,1
BRF:29
BRH:17
end_of_record
