TN:
SF:/home/archive/Documents/battlecode/group6-battlecode/bots/getClosestKarbonite.js
FN:3,nextMoveToDestination
FNF:1
FNH:1
FNDA:2,nextMoveToDestination
DA:4,2
DA:6,2
DA:7,32
DA:8,32
DA:9,512
DA:10,507
DA:12,5
DA:13,5
DA:16,32
DA:19,2
DA:20,2
DA:21,2
DA:22,32
DA:23,512
DA:24,3
DA:25,3
DA:31,2
DA:32,1
DA:34,1
LF:19
LH:19
BRDA:9,0,0,507
BRDA:9,0,1,5
BRDA:9,1,0,512
BRDA:9,1,1,512
BRDA:23,2,0,3
BRDA:23,2,1,509
BRDA:31,3,0,1
BRDA:31,3,1,1
BRF:8
BRH:8
end_of_record
TN:
SF:/home/archive/Documents/battlecode/group6-battlecode/bots/nextMoveTodestination.js
FN:5,nextMoveToDestination
FNF:1
FNH:1
FNDA:2,nextMoveToDestination
DA:6,2
DA:8,2
DA:9,32
DA:10,32
DA:11,512
DA:12,1
DA:14,511
DA:15,511
DA:16,511
DA:17,57
DA:19,454
DA:23,32
DA:26,2
DA:27,2
DA:28,2
DA:29,32
DA:30,512
DA:31,4
DA:32,4
DA:38,2
DA:39,0
DA:41,2
LF:22
LH:21
BRDA:11,0,0,1
BRDA:11,0,1,511
BRDA:11,1,0,512
BRDA:11,1,1,512
BRDA:16,2,0,57
BRDA:16,2,1,454
BRDA:30,3,0,4
BRDA:30,3,1,508
BRDA:38,4,0,0
BRDA:38,4,1,2
BRF:10
BRH:9
end_of_record
